2018-11-01 10:00:18.253  INFO 39285 --- [main] com.tianyalei.jipiao.JipiaoApplication   : Starting JipiaoApplication on weifengdeMacBook-Pro.local with PID 39285 (/Users/wuwf/project/jipiao/target/classes started by wuwf in /Users/wuwf/project/jipiao)
2018-11-01 10:00:18.260  INFO 39285 --- [main] com.tianyalei.jipiao.JipiaoApplication   : The following profiles are active: local
2018-11-01 10:00:19.643  INFO 39285 --- [main] .s.d.r.c.RepositoryConfigurationDelegate : Bootstrapping Spring Data repositories in DEFAULT mode.
2018-11-01 10:00:19.675  INFO 39285 --- [main] .s.d.r.c.RepositoryConfigurationDelegate : Finished Spring Data repository scanning in 21ms. Found 0 repository interfaces.
2018-11-01 10:00:20.183  INFO 39285 --- [main] trationDelegate$BeanPostProcessorChecker : Bean 'org.springframework.transaction.annotation.ProxyTransactionManagementConfiguration' of type [org.springframework.transaction.annotation.ProxyTransactionManagementConfiguration$$EnhancerBySpringCGLIB$$3e28096f] is not eligible for getting processed by all BeanPostProcessors (for example: not eligible for auto-proxying)
2018-11-01 10:00:21.278  INFO 39285 --- [main] o.s.b.w.embedded.tomcat.TomcatWebServer  : Tomcat initialized with port(s): 8080 (http)
2018-11-01 10:00:21.303  INFO 39285 --- [main] o.apache.catalina.core.StandardService   : Starting service [Tomcat]
2018-11-01 10:00:21.304  INFO 39285 --- [main] org.apache.catalina.core.StandardEngine  : Starting Servlet Engine: Apache Tomcat/9.0.12
2018-11-01 10:00:21.312  INFO 39285 --- [main] o.a.catalina.core.AprLifecycleListener   : The APR based Apache Tomcat Native library which allows optimal performance in production environments was not found on the java.library.path: [/Users/wuwf/Library/Java/Extensions:/Library/Java/Extensions:/Network/Library/Java/Extensions:/System/Library/Java/Extensions:/usr/lib/java:.]
2018-11-01 10:00:21.421  INFO 39285 --- [main] o.a.c.c.C.[Tomcat].[localhost].[/]       : Initializing Spring embedded WebApplicationContext
2018-11-01 10:00:21.421  INFO 39285 --- [main] o.s.web.context.ContextLoader            : Root WebApplicationContext: initialization completed in 3065 ms
2018-11-01 10:00:21.505  INFO 39285 --- [main] o.s.b.w.servlet.ServletRegistrationBean  : Servlet dispatcherServlet mapped to [/]
2018-11-01 10:00:21.515  INFO 39285 --- [main] o.s.b.w.servlet.FilterRegistrationBean   : Mapping filter: 'characterEncodingFilter' to: [/*]
2018-11-01 10:00:21.518  INFO 39285 --- [main] o.s.b.w.servlet.FilterRegistrationBean   : Mapping filter: 'hiddenHttpMethodFilter' to: [/*]
2018-11-01 10:00:21.520  INFO 39285 --- [main] o.s.b.w.servlet.FilterRegistrationBean   : Mapping filter: 'formContentFilter' to: [/*]
2018-11-01 10:00:21.521  INFO 39285 --- [main] o.s.b.w.servlet.FilterRegistrationBean   : Mapping filter: 'requestContextFilter' to: [/*]
2018-11-01 10:00:21.521  INFO 39285 --- [main] o.s.b.w.servlet.FilterRegistrationBean   : Mapping filter: 'corsFilter' to: [/*]
2018-11-01 10:00:21.562  WARN 39285 --- [main] ConfigServletWebServerApplicationContext : Exception encountered during context initialization - cancelling refresh attempt: org.springframework.beans.factory.BeanCreationException: Error creating bean with name 'entityManagerFactory' defined in class path resource [org/springframework/boot/autoconfigure/orm/jpa/HibernateJpaConfiguration.class]: 'entityManagerFactory' depends on missing bean 'cacheManager'; nested exception is org.springframework.beans.factory.NoSuchBeanDefinitionException: No bean named 'cacheManager' available
2018-11-01 10:00:21.564  INFO 39285 --- [main] o.apache.catalina.core.StandardService   : Stopping service [Tomcat]
2018-11-01 10:00:21.590  INFO 39285 --- [main] ConditionEvaluationReportLoggingListener : 

Error starting ApplicationContext. To display the conditions report re-run your application with 'debug' enabled.
2018-11-01 10:00:21.674 ERROR 39285 --- [main] o.s.b.d.LoggingFailureAnalysisReporter   : 

***************************
APPLICATION FAILED TO START
***************************

Description:

A component required a bean named 'cacheManager' that could not be found.


Action:

Consider defining a bean named 'cacheManager' in your configuration.

2018-11-01 10:02:06.546  INFO 39318 --- [main] com.tianyalei.jipiao.JipiaoApplication   : Starting JipiaoApplication on weifengdeMacBook-Pro.local with PID 39318 (/Users/wuwf/project/jipiao/target/classes started by wuwf in /Users/wuwf/project/jipiao)
2018-11-01 10:02:06.550  INFO 39318 --- [main] com.tianyalei.jipiao.JipiaoApplication   : The following profiles are active: local
2018-11-01 10:02:07.701  INFO 39318 --- [main] .s.d.r.c.RepositoryConfigurationDelegate : Bootstrapping Spring Data repositories in DEFAULT mode.
2018-11-01 10:02:07.738  INFO 39318 --- [main] .s.d.r.c.RepositoryConfigurationDelegate : Finished Spring Data repository scanning in 26ms. Found 0 repository interfaces.
2018-11-01 10:02:08.234  INFO 39318 --- [main] trationDelegate$BeanPostProcessorChecker : Bean 'org.springframework.transaction.annotation.ProxyTransactionManagementConfiguration' of type [org.springframework.transaction.annotation.ProxyTransactionManagementConfiguration$$EnhancerBySpringCGLIB$$bc7f3cf4] is not eligible for getting processed by all BeanPostProcessors (for example: not eligible for auto-proxying)
2018-11-01 10:02:08.889  INFO 39318 --- [main] o.s.b.w.embedded.tomcat.TomcatWebServer  : Tomcat initialized with port(s): 8080 (http)
2018-11-01 10:02:08.912  INFO 39318 --- [main] o.apache.catalina.core.StandardService   : Starting service [Tomcat]
2018-11-01 10:02:08.912  INFO 39318 --- [main] org.apache.catalina.core.StandardEngine  : Starting Servlet Engine: Apache Tomcat/9.0.12
2018-11-01 10:02:08.922  INFO 39318 --- [main] o.a.catalina.core.AprLifecycleListener   : The APR based Apache Tomcat Native library which allows optimal performance in production environments was not found on the java.library.path: [/Users/wuwf/Library/Java/Extensions:/Library/Java/Extensions:/Network/Library/Java/Extensions:/System/Library/Java/Extensions:/usr/lib/java:.]
2018-11-01 10:02:09.035  INFO 39318 --- [main] o.a.c.c.C.[Tomcat].[localhost].[/]       : Initializing Spring embedded WebApplicationContext
2018-11-01 10:02:09.035  INFO 39318 --- [main] o.s.web.context.ContextLoader            : Root WebApplicationContext: initialization completed in 2381 ms
2018-11-01 10:02:09.081  INFO 39318 --- [main] o.s.b.w.servlet.ServletRegistrationBean  : Servlet dispatcherServlet mapped to [/]
2018-11-01 10:02:09.086  INFO 39318 --- [main] o.s.b.w.servlet.FilterRegistrationBean   : Mapping filter: 'characterEncodingFilter' to: [/*]
2018-11-01 10:02:09.087  INFO 39318 --- [main] o.s.b.w.servlet.FilterRegistrationBean   : Mapping filter: 'hiddenHttpMethodFilter' to: [/*]
2018-11-01 10:02:09.087  INFO 39318 --- [main] o.s.b.w.servlet.FilterRegistrationBean   : Mapping filter: 'formContentFilter' to: [/*]
2018-11-01 10:02:09.087  INFO 39318 --- [main] o.s.b.w.servlet.FilterRegistrationBean   : Mapping filter: 'requestContextFilter' to: [/*]
2018-11-01 10:02:09.087  INFO 39318 --- [main] o.s.b.w.servlet.FilterRegistrationBean   : Mapping filter: 'corsFilter' to: [/*]
2018-11-01 10:02:09.614  INFO 39318 --- [main] o.hibernate.jpa.internal.util.LogHelper  : HHH000204: Processing PersistenceUnitInfo [
	name: default
	...]
2018-11-01 10:02:09.958  INFO 39318 --- [main] org.hibernate.Version                    : HHH000412: Hibernate Core {5.3.7.Final}
2018-11-01 10:02:09.961  INFO 39318 --- [main] org.hibernate.cfg.Environment            : HHH000206: hibernate.properties not found
2018-11-01 10:02:10.267  INFO 39318 --- [main] o.hibernate.annotations.common.Version   : HCANN000001: Hibernate Commons Annotations {5.0.4.Final}
2018-11-01 10:02:10.429  INFO 39318 --- [main] com.zaxxer.hikari.HikariDataSource       : HikariPool-1 - Starting...
2018-11-01 10:02:10.835  INFO 39318 --- [main] com.zaxxer.hikari.HikariDataSource       : HikariPool-1 - Start completed.
2018-11-01 10:02:10.850  INFO 39318 --- [main] org.hibernate.dialect.Dialect            : HHH000400: Using dialect: org.hibernate.dialect.MySQL5InnoDBDialect
2018-11-01 10:02:11.191  INFO 39318 --- [main] j.LocalContainerEntityManagerFactoryBean : Initialized JPA EntityManagerFactory for persistence unit 'default'
2018-11-01 10:02:12.109  INFO 39318 --- [main] o.s.s.concurrent.ThreadPoolTaskExecutor  : Initializing ExecutorService 'applicationTaskExecutor'
2018-11-01 10:02:12.267  WARN 39318 --- [main] aWebConfiguration$JpaWebMvcConfiguration : spring.jpa.open-in-view is enabled by default. Therefore, database queries may be performed during view rendering. Explicitly configure spring.jpa.open-in-view to disable this warning
2018-11-01 10:02:12.901  INFO 39318 --- [main] o.s.b.w.embedded.tomcat.TomcatWebServer  : Tomcat started on port(s): 8080 (http) with context path ''
2018-11-01 10:02:12.906  INFO 39318 --- [main] com.tianyalei.jipiao.JipiaoApplication   : Started JipiaoApplication in 7.185 seconds (JVM running for 8.114)
2018-11-01 10:09:31.892  INFO 39473 --- [main] c.t.jipiao.JipiaoApplicationTests        : Starting JipiaoApplicationTests on weifengdeMacBook-Pro.local with PID 39473 (started by wuwf in /Users/wuwf/project/jipiao)
2018-11-01 10:09:31.895  INFO 39473 --- [main] c.t.jipiao.JipiaoApplicationTests        : The following profiles are active: local
2018-11-01 10:09:33.215  INFO 39473 --- [main] .s.d.r.c.RepositoryConfigurationDelegate : Bootstrapping Spring Data repositories in DEFAULT mode.
2018-11-01 10:09:33.332  INFO 39473 --- [main] .s.d.r.c.RepositoryConfigurationDelegate : Finished Spring Data repository scanning in 104ms. Found 1 repository interfaces.
2018-11-01 10:09:34.050  INFO 39473 --- [main] trationDelegate$BeanPostProcessorChecker : Bean 'org.springframework.transaction.annotation.ProxyTransactionManagementConfiguration' of type [org.springframework.transaction.annotation.ProxyTransactionManagementConfiguration$$EnhancerBySpringCGLIB$$f69b89bb] is not eligible for getting processed by all BeanPostProcessors (for example: not eligible for auto-proxying)
2018-11-01 10:09:35.369  INFO 39473 --- [main] o.hibernate.jpa.internal.util.LogHelper  : HHH000204: Processing PersistenceUnitInfo [
	name: default
	...]
2018-11-01 10:09:35.563  INFO 39473 --- [main] org.hibernate.Version                    : HHH000412: Hibernate Core {5.3.7.Final}
2018-11-01 10:09:35.566  INFO 39473 --- [main] org.hibernate.cfg.Environment            : HHH000206: hibernate.properties not found
2018-11-01 10:09:35.854  INFO 39473 --- [main] o.hibernate.annotations.common.Version   : HCANN000001: Hibernate Commons Annotations {5.0.4.Final}
2018-11-01 10:09:36.084  INFO 39473 --- [main] com.zaxxer.hikari.HikariDataSource       : HikariPool-1 - Starting...
2018-11-01 10:09:36.719  INFO 39473 --- [main] com.zaxxer.hikari.HikariDataSource       : HikariPool-1 - Start completed.
2018-11-01 10:09:36.748  INFO 39473 --- [main] org.hibernate.dialect.Dialect            : HHH000400: Using dialect: org.hibernate.dialect.MySQL5InnoDBDialect
2018-11-01 10:09:37.967  INFO 39473 --- [main] j.LocalContainerEntityManagerFactoryBean : Initialized JPA EntityManagerFactory for persistence unit 'default'
2018-11-01 10:09:41.351  INFO 39473 --- [main] o.s.s.concurrent.ThreadPoolTaskExecutor  : Initializing ExecutorService 'applicationTaskExecutor'
2018-11-01 10:09:41.496  WARN 39473 --- [main] aWebConfiguration$JpaWebMvcConfiguration : spring.jpa.open-in-view is enabled by default. Therefore, database queries may be performed during view rendering. Explicitly configure spring.jpa.open-in-view to disable this warning
2018-11-01 10:09:42.457  INFO 39473 --- [main] c.t.jipiao.JipiaoApplicationTests        : Started JipiaoApplicationTests in 11.144 seconds (JVM running for 12.497)
2018-11-01 10:09:42.623  INFO 39473 --- [Thread-2] o.s.s.concurrent.ThreadPoolTaskExecutor  : Shutting down ExecutorService 'applicationTaskExecutor'
2018-11-01 10:09:42.626  INFO 39473 --- [Thread-2] j.LocalContainerEntityManagerFactoryBean : Closing JPA EntityManagerFactory for persistence unit 'default'
2018-11-01 10:09:42.629  INFO 39473 --- [Thread-2] com.zaxxer.hikari.HikariDataSource       : HikariPool-1 - Shutdown initiated...
2018-11-01 10:09:42.646  INFO 39473 --- [Thread-2] com.zaxxer.hikari.HikariDataSource       : HikariPool-1 - Shutdown completed.
2018-11-01 10:16:10.997  INFO 39636 --- [main] c.t.jipiao.JipiaoApplicationTests        : Starting JipiaoApplicationTests on weifengdeMacBook-Pro.local with PID 39636 (started by wuwf in /Users/wuwf/project/jipiao)
2018-11-01 10:16:11.000  INFO 39636 --- [main] c.t.jipiao.JipiaoApplicationTests        : The following profiles are active: local
2018-11-01 10:16:13.955  INFO 39636 --- [main] .s.d.r.c.RepositoryConfigurationDelegate : Bootstrapping Spring Data repositories in DEFAULT mode.
2018-11-01 10:16:14.157  INFO 39636 --- [main] .s.d.r.c.RepositoryConfigurationDelegate : Finished Spring Data repository scanning in 177ms. Found 1 repository interfaces.
2018-11-01 10:16:15.370  INFO 39636 --- [main] trationDelegate$BeanPostProcessorChecker : Bean 'org.springframework.transaction.annotation.ProxyTransactionManagementConfiguration' of type [org.springframework.transaction.annotation.ProxyTransactionManagementConfiguration$$EnhancerBySpringCGLIB$$aec5eb7d] is not eligible for getting processed by all BeanPostProcessors (for example: not eligible for auto-proxying)
2018-11-01 10:16:16.663  INFO 39636 --- [main] o.hibernate.jpa.internal.util.LogHelper  : HHH000204: Processing PersistenceUnitInfo [
	name: default
	...]
2018-11-01 10:16:16.817  INFO 39636 --- [main] org.hibernate.Version                    : HHH000412: Hibernate Core {5.3.7.Final}
2018-11-01 10:16:16.819  INFO 39636 --- [main] org.hibernate.cfg.Environment            : HHH000206: hibernate.properties not found
2018-11-01 10:16:17.849  INFO 39636 --- [main] o.hibernate.annotations.common.Version   : HCANN000001: Hibernate Commons Annotations {5.0.4.Final}
2018-11-01 10:16:18.337  INFO 39636 --- [main] com.zaxxer.hikari.HikariDataSource       : HikariPool-1 - Starting...
2018-11-01 10:16:19.118  INFO 39636 --- [main] com.zaxxer.hikari.HikariDataSource       : HikariPool-1 - Start completed.
2018-11-01 10:16:19.183  INFO 39636 --- [main] org.hibernate.dialect.Dialect            : HHH000400: Using dialect: org.hibernate.dialect.MySQL5InnoDBDialect
2018-11-01 10:16:20.835  INFO 39636 --- [main] j.LocalContainerEntityManagerFactoryBean : Initialized JPA EntityManagerFactory for persistence unit 'default'
2018-11-01 10:16:25.953  INFO 39636 --- [main] o.s.s.concurrent.ThreadPoolTaskExecutor  : Initializing ExecutorService 'applicationTaskExecutor'
2018-11-01 10:16:26.166  WARN 39636 --- [main] aWebConfiguration$JpaWebMvcConfiguration : spring.jpa.open-in-view is enabled by default. Therefore, database queries may be performed during view rendering. Explicitly configure spring.jpa.open-in-view to disable this warning
2018-11-01 10:16:27.515  INFO 39636 --- [main] c.t.jipiao.JipiaoApplicationTests        : Started JipiaoApplicationTests in 17.468 seconds (JVM running for 20.201)
2018-11-01 10:16:27.734  INFO 39636 --- [Thread-2] o.s.s.concurrent.ThreadPoolTaskExecutor  : Shutting down ExecutorService 'applicationTaskExecutor'
2018-11-01 10:16:27.736  INFO 39636 --- [Thread-2] j.LocalContainerEntityManagerFactoryBean : Closing JPA EntityManagerFactory for persistence unit 'default'
2018-11-01 10:16:27.739  INFO 39636 --- [Thread-2] com.zaxxer.hikari.HikariDataSource       : HikariPool-1 - Shutdown initiated...
2018-11-01 10:16:27.757  INFO 39636 --- [Thread-2] com.zaxxer.hikari.HikariDataSource       : HikariPool-1 - Shutdown completed.
2018-11-01 10:29:35.792  INFO 39318 --- [Thread-17] o.s.s.concurrent.ThreadPoolTaskExecutor  : Shutting down ExecutorService 'applicationTaskExecutor'
2018-11-01 10:29:35.801  INFO 39318 --- [Thread-17] j.LocalContainerEntityManagerFactoryBean : Closing JPA EntityManagerFactory for persistence unit 'default'
2018-11-01 10:29:35.822  INFO 39318 --- [Thread-17] com.zaxxer.hikari.HikariDataSource       : HikariPool-1 - Shutdown initiated...
2018-11-01 10:29:35.844  INFO 39318 --- [Thread-17] com.zaxxer.hikari.HikariDataSource       : HikariPool-1 - Shutdown completed.
2018-11-01 10:29:44.443  INFO 39898 --- [main] com.tianyalei.jipiao.JipiaoApplication   : Starting JipiaoApplication on weifengdeMacBook-Pro.local with PID 39898 (/Users/wuwf/project/jipiao/target/classes started by wuwf in /Users/wuwf/project/jipiao)
2018-11-01 10:29:44.447  INFO 39898 --- [main] com.tianyalei.jipiao.JipiaoApplication   : The following profiles are active: local
2018-11-01 10:29:46.085  INFO 39898 --- [main] .s.d.r.c.RepositoryConfigurationDelegate : Bootstrapping Spring Data repositories in DEFAULT mode.
2018-11-01 10:29:46.185  INFO 39898 --- [main] .s.d.r.c.RepositoryConfigurationDelegate : Finished Spring Data repository scanning in 89ms. Found 2 repository interfaces.
2018-11-01 10:29:46.644  INFO 39898 --- [main] trationDelegate$BeanPostProcessorChecker : Bean 'org.springframework.transaction.annotation.ProxyTransactionManagementConfiguration' of type [org.springframework.transaction.annotation.ProxyTransactionManagementConfiguration$$EnhancerBySpringCGLIB$$b30d8ae0] is not eligible for getting processed by all BeanPostProcessors (for example: not eligible for auto-proxying)
2018-11-01 10:29:47.337  INFO 39898 --- [main] o.s.b.w.embedded.tomcat.TomcatWebServer  : Tomcat initialized with port(s): 8080 (http)
2018-11-01 10:29:47.354  INFO 39898 --- [main] o.apache.catalina.core.StandardService   : Starting service [Tomcat]
2018-11-01 10:29:47.354  INFO 39898 --- [main] org.apache.catalina.core.StandardEngine  : Starting Servlet Engine: Apache Tomcat/9.0.12
2018-11-01 10:29:47.361  INFO 39898 --- [main] o.a.catalina.core.AprLifecycleListener   : The APR based Apache Tomcat Native library which allows optimal performance in production environments was not found on the java.library.path: [/Users/wuwf/Library/Java/Extensions:/Library/Java/Extensions:/Network/Library/Java/Extensions:/System/Library/Java/Extensions:/usr/lib/java:.]
2018-11-01 10:29:47.466  INFO 39898 --- [main] o.a.c.c.C.[Tomcat].[localhost].[/]       : Initializing Spring embedded WebApplicationContext
2018-11-01 10:29:47.467  INFO 39898 --- [main] o.s.web.context.ContextLoader            : Root WebApplicationContext: initialization completed in 2906 ms
2018-11-01 10:29:47.527  INFO 39898 --- [main] o.s.b.w.servlet.FilterRegistrationBean   : Mapping filter: 'characterEncodingFilter' to: [/*]
2018-11-01 10:29:47.528  INFO 39898 --- [main] o.s.b.w.servlet.FilterRegistrationBean   : Mapping filter: 'hiddenHttpMethodFilter' to: [/*]
2018-11-01 10:29:47.528  INFO 39898 --- [main] o.s.b.w.servlet.FilterRegistrationBean   : Mapping filter: 'formContentFilter' to: [/*]
2018-11-01 10:29:47.528  INFO 39898 --- [main] o.s.b.w.servlet.FilterRegistrationBean   : Mapping filter: 'requestContextFilter' to: [/*]
2018-11-01 10:29:47.528  INFO 39898 --- [main] o.s.b.w.servlet.FilterRegistrationBean   : Mapping filter: 'UrlFilter' to urls: [/*]
2018-11-01 10:29:47.529  INFO 39898 --- [main] o.s.b.w.servlet.FilterRegistrationBean   : Mapping filter: 'corsFilter' to: [/*]
2018-11-01 10:29:47.529  INFO 39898 --- [main] o.s.b.w.servlet.ServletRegistrationBean  : Servlet dispatcherServlet mapped to [/]
2018-11-01 10:29:47.936  INFO 39898 --- [main] o.hibernate.jpa.internal.util.LogHelper  : HHH000204: Processing PersistenceUnitInfo [
	name: default
	...]
2018-11-01 10:29:48.009  INFO 39898 --- [main] org.hibernate.Version                    : HHH000412: Hibernate Core {5.3.7.Final}
2018-11-01 10:29:48.010  INFO 39898 --- [main] org.hibernate.cfg.Environment            : HHH000206: hibernate.properties not found
2018-11-01 10:29:48.118  INFO 39898 --- [main] o.hibernate.annotations.common.Version   : HCANN000001: Hibernate Commons Annotations {5.0.4.Final}
2018-11-01 10:29:48.252  INFO 39898 --- [main] com.zaxxer.hikari.HikariDataSource       : HikariPool-1 - Starting...
2018-11-01 10:29:48.673  INFO 39898 --- [main] com.zaxxer.hikari.HikariDataSource       : HikariPool-1 - Start completed.
2018-11-01 10:29:48.682  INFO 39898 --- [main] org.hibernate.dialect.Dialect            : HHH000400: Using dialect: org.hibernate.dialect.MySQL5InnoDBDialect
2018-11-01 10:29:49.514  INFO 39898 --- [main] j.LocalContainerEntityManagerFactoryBean : Initialized JPA EntityManagerFactory for persistence unit 'default'
2018-11-01 10:29:50.688  INFO 39898 --- [main] o.s.s.concurrent.ThreadPoolTaskExecutor  : Initializing ExecutorService 'applicationTaskExecutor'
2018-11-01 10:29:50.748  WARN 39898 --- [main] aWebConfiguration$JpaWebMvcConfiguration : spring.jpa.open-in-view is enabled by default. Therefore, database queries may be performed during view rendering. Explicitly configure spring.jpa.open-in-view to disable this warning
2018-11-01 10:29:51.199  INFO 39898 --- [main] o.s.b.w.embedded.tomcat.TomcatWebServer  : Tomcat started on port(s): 8080 (http) with context path ''
2018-11-01 10:29:51.204  INFO 39898 --- [main] com.tianyalei.jipiao.JipiaoApplication   : Started JipiaoApplication in 7.457 seconds (JVM running for 8.666)
2018-11-01 10:30:10.816  INFO 39898 --- [http-nio-8080-exec-1] o.a.c.c.C.[Tomcat].[localhost].[/]       : Initializing Spring DispatcherServlet 'dispatcherServlet'
2018-11-01 10:30:10.817  INFO 39898 --- [http-nio-8080-exec-1] o.s.web.servlet.DispatcherServlet        : Initializing Servlet 'dispatcherServlet'
2018-11-01 10:30:10.836  INFO 39898 --- [http-nio-8080-exec-1] o.s.web.servlet.DispatcherServlet        : Completed initialization in 19 ms
2018-11-01 10:30:34.729  INFO 39898 --- [Thread-18] o.s.s.concurrent.ThreadPoolTaskExecutor  : Shutting down ExecutorService 'applicationTaskExecutor'
2018-11-01 10:30:34.732  INFO 39898 --- [Thread-18] j.LocalContainerEntityManagerFactoryBean : Closing JPA EntityManagerFactory for persistence unit 'default'
2018-11-01 10:30:34.738  INFO 39898 --- [Thread-18] com.zaxxer.hikari.HikariDataSource       : HikariPool-1 - Shutdown initiated...
2018-11-01 10:30:34.753  INFO 39898 --- [Thread-18] com.zaxxer.hikari.HikariDataSource       : HikariPool-1 - Shutdown completed.
2018-11-01 10:30:39.583  INFO 39914 --- [main] com.tianyalei.jipiao.JipiaoApplication   : Starting JipiaoApplication on weifengdeMacBook-Pro.local with PID 39914 (/Users/wuwf/project/jipiao/target/classes started by wuwf in /Users/wuwf/project/jipiao)
2018-11-01 10:30:39.591  INFO 39914 --- [main] com.tianyalei.jipiao.JipiaoApplication   : The following profiles are active: local
2018-11-01 10:30:40.836  INFO 39914 --- [main] .s.d.r.c.RepositoryConfigurationDelegate : Bootstrapping Spring Data repositories in DEFAULT mode.
2018-11-01 10:30:40.941  INFO 39914 --- [main] .s.d.r.c.RepositoryConfigurationDelegate : Finished Spring Data repository scanning in 94ms. Found 2 repository interfaces.
2018-11-01 10:30:41.488  INFO 39914 --- [main] trationDelegate$BeanPostProcessorChecker : Bean 'org.springframework.transaction.annotation.ProxyTransactionManagementConfiguration' of type [org.springframework.transaction.annotation.ProxyTransactionManagementConfiguration$$EnhancerBySpringCGLIB$$5dd533ad] is not eligible for getting processed by all BeanPostProcessors (for example: not eligible for auto-proxying)
2018-11-01 10:30:42.205  INFO 39914 --- [main] o.s.b.w.embedded.tomcat.TomcatWebServer  : Tomcat initialized with port(s): 8080 (http)
2018-11-01 10:30:42.227  INFO 39914 --- [main] o.apache.catalina.core.StandardService   : Starting service [Tomcat]
2018-11-01 10:30:42.227  INFO 39914 --- [main] org.apache.catalina.core.StandardEngine  : Starting Servlet Engine: Apache Tomcat/9.0.12
2018-11-01 10:30:42.236  INFO 39914 --- [main] o.a.catalina.core.AprLifecycleListener   : The APR based Apache Tomcat Native library which allows optimal performance in production environments was not found on the java.library.path: [/Users/wuwf/Library/Java/Extensions:/Library/Java/Extensions:/Network/Library/Java/Extensions:/System/Library/Java/Extensions:/usr/lib/java:.]
2018-11-01 10:30:42.356  INFO 39914 --- [main] o.a.c.c.C.[Tomcat].[localhost].[/]       : Initializing Spring embedded WebApplicationContext
2018-11-01 10:30:42.357  INFO 39914 --- [main] o.s.web.context.ContextLoader            : Root WebApplicationContext: initialization completed in 2609 ms
2018-11-01 10:30:42.451  INFO 39914 --- [main] o.s.b.w.servlet.FilterRegistrationBean   : Mapping filter: 'characterEncodingFilter' to: [/*]
2018-11-01 10:30:42.452  INFO 39914 --- [main] o.s.b.w.servlet.FilterRegistrationBean   : Mapping filter: 'hiddenHttpMethodFilter' to: [/*]
2018-11-01 10:30:42.453  INFO 39914 --- [main] o.s.b.w.servlet.FilterRegistrationBean   : Mapping filter: 'formContentFilter' to: [/*]
2018-11-01 10:30:42.453  INFO 39914 --- [main] o.s.b.w.servlet.FilterRegistrationBean   : Mapping filter: 'requestContextFilter' to: [/*]
2018-11-01 10:30:42.453  INFO 39914 --- [main] o.s.b.w.servlet.FilterRegistrationBean   : Mapping filter: 'UrlFilter' to urls: [/*]
2018-11-01 10:30:42.454  INFO 39914 --- [main] o.s.b.w.servlet.FilterRegistrationBean   : Mapping filter: 'corsFilter' to: [/*]
2018-11-01 10:30:42.456  INFO 39914 --- [main] o.s.b.w.servlet.ServletRegistrationBean  : Servlet dispatcherServlet mapped to [/]
2018-11-01 10:30:42.938  INFO 39914 --- [main] o.hibernate.jpa.internal.util.LogHelper  : HHH000204: Processing PersistenceUnitInfo [
	name: default
	...]
2018-11-01 10:30:43.008  INFO 39914 --- [main] org.hibernate.Version                    : HHH000412: Hibernate Core {5.3.7.Final}
2018-11-01 10:30:43.009  INFO 39914 --- [main] org.hibernate.cfg.Environment            : HHH000206: hibernate.properties not found
2018-11-01 10:30:43.183  INFO 39914 --- [main] o.hibernate.annotations.common.Version   : HCANN000001: Hibernate Commons Annotations {5.0.4.Final}
2018-11-01 10:30:43.427  INFO 39914 --- [main] com.zaxxer.hikari.HikariDataSource       : HikariPool-1 - Starting...
2018-11-01 10:30:43.872  INFO 39914 --- [main] com.zaxxer.hikari.HikariDataSource       : HikariPool-1 - Start completed.
2018-11-01 10:30:43.886  INFO 39914 --- [main] org.hibernate.dialect.Dialect            : HHH000400: Using dialect: org.hibernate.dialect.MySQL5InnoDBDialect
2018-11-01 10:30:44.800  INFO 39914 --- [main] j.LocalContainerEntityManagerFactoryBean : Initialized JPA EntityManagerFactory for persistence unit 'default'
2018-11-01 10:30:46.239  INFO 39914 --- [main] o.s.s.concurrent.ThreadPoolTaskExecutor  : Initializing ExecutorService 'applicationTaskExecutor'
2018-11-01 10:30:46.332  WARN 39914 --- [main] aWebConfiguration$JpaWebMvcConfiguration : spring.jpa.open-in-view is enabled by default. Therefore, database queries may be performed during view rendering. Explicitly configure spring.jpa.open-in-view to disable this warning
2018-11-01 10:30:46.905  INFO 39914 --- [main] o.s.b.w.embedded.tomcat.TomcatWebServer  : Tomcat started on port(s): 8080 (http) with context path ''
2018-11-01 10:30:46.910  INFO 39914 --- [main] com.tianyalei.jipiao.JipiaoApplication   : Started JipiaoApplication in 8.638 seconds (JVM running for 9.894)
2018-11-01 10:30:58.190  INFO 39914 --- [http-nio-8080-exec-1] o.a.c.c.C.[Tomcat].[localhost].[/]       : Initializing Spring DispatcherServlet 'dispatcherServlet'
2018-11-01 10:30:58.191  INFO 39914 --- [http-nio-8080-exec-1] o.s.web.servlet.DispatcherServlet        : Initializing Servlet 'dispatcherServlet'
2018-11-01 10:30:58.206  INFO 39914 --- [http-nio-8080-exec-1] o.s.web.servlet.DispatcherServlet        : Completed initialization in 15 ms
2018-11-01 10:31:41.452  INFO 39914 --- [Thread-21] o.s.s.concurrent.ThreadPoolTaskExecutor  : Shutting down ExecutorService 'applicationTaskExecutor'
2018-11-01 10:31:41.456  INFO 39914 --- [Thread-21] j.LocalContainerEntityManagerFactoryBean : Closing JPA EntityManagerFactory for persistence unit 'default'
2018-11-01 10:31:41.463  INFO 39914 --- [Thread-21] com.zaxxer.hikari.HikariDataSource       : HikariPool-1 - Shutdown initiated...
2018-11-01 10:31:41.543  INFO 39914 --- [Thread-21] com.zaxxer.hikari.HikariDataSource       : HikariPool-1 - Shutdown completed.
2018-11-01 10:31:47.789  INFO 39938 --- [main] com.tianyalei.jipiao.JipiaoApplication   : Starting JipiaoApplication on weifengdeMacBook-Pro.local with PID 39938 (/Users/wuwf/project/jipiao/target/classes started by wuwf in /Users/wuwf/project/jipiao)
2018-11-01 10:31:47.797  INFO 39938 --- [main] com.tianyalei.jipiao.JipiaoApplication   : The following profiles are active: local
2018-11-01 10:31:49.931  INFO 39938 --- [main] .s.d.r.c.RepositoryConfigurationDelegate : Bootstrapping Spring Data repositories in DEFAULT mode.
2018-11-01 10:31:50.089  INFO 39938 --- [main] .s.d.r.c.RepositoryConfigurationDelegate : Finished Spring Data repository scanning in 134ms. Found 2 repository interfaces.
2018-11-01 10:31:50.904  INFO 39938 --- [main] trationDelegate$BeanPostProcessorChecker : Bean 'org.springframework.transaction.annotation.ProxyTransactionManagementConfiguration' of type [org.springframework.transaction.annotation.ProxyTransactionManagementConfiguration$$EnhancerBySpringCGLIB$$3bb617a2] is not eligible for getting processed by all BeanPostProcessors (for example: not eligible for auto-proxying)
2018-11-01 10:31:51.738  INFO 39938 --- [main] o.s.b.w.embedded.tomcat.TomcatWebServer  : Tomcat initialized with port(s): 8080 (http)
2018-11-01 10:31:51.766  INFO 39938 --- [main] o.apache.catalina.core.StandardService   : Starting service [Tomcat]
2018-11-01 10:31:51.766  INFO 39938 --- [main] org.apache.catalina.core.StandardEngine  : Starting Servlet Engine: Apache Tomcat/9.0.12
2018-11-01 10:31:51.775  INFO 39938 --- [main] o.a.catalina.core.AprLifecycleListener   : The APR based Apache Tomcat Native library which allows optimal performance in production environments was not found on the java.library.path: [/Users/wuwf/Library/Java/Extensions:/Library/Java/Extensions:/Network/Library/Java/Extensions:/System/Library/Java/Extensions:/usr/lib/java:.]
2018-11-01 10:31:51.883  INFO 39938 --- [main] o.a.c.c.C.[Tomcat].[localhost].[/]       : Initializing Spring embedded WebApplicationContext
2018-11-01 10:31:51.884  INFO 39938 --- [main] o.s.web.context.ContextLoader            : Root WebApplicationContext: initialization completed in 3882 ms
2018-11-01 10:31:51.977  INFO 39938 --- [main] o.s.b.w.servlet.FilterRegistrationBean   : Mapping filter: 'characterEncodingFilter' to: [/*]
2018-11-01 10:31:51.978  INFO 39938 --- [main] o.s.b.w.servlet.FilterRegistrationBean   : Mapping filter: 'hiddenHttpMethodFilter' to: [/*]
2018-11-01 10:31:51.978  INFO 39938 --- [main] o.s.b.w.servlet.FilterRegistrationBean   : Mapping filter: 'formContentFilter' to: [/*]
2018-11-01 10:31:51.978  INFO 39938 --- [main] o.s.b.w.servlet.FilterRegistrationBean   : Mapping filter: 'requestContextFilter' to: [/*]
2018-11-01 10:31:51.978  INFO 39938 --- [main] o.s.b.w.servlet.FilterRegistrationBean   : Mapping filter: 'UrlFilter' to urls: [/*]
2018-11-01 10:31:51.978  INFO 39938 --- [main] o.s.b.w.servlet.FilterRegistrationBean   : Mapping filter: 'corsFilter' to: [/*]
2018-11-01 10:31:51.979  INFO 39938 --- [main] o.s.b.w.servlet.ServletRegistrationBean  : Servlet dispatcherServlet mapped to [/]
2018-11-01 10:31:52.454  INFO 39938 --- [main] o.hibernate.jpa.internal.util.LogHelper  : HHH000204: Processing PersistenceUnitInfo [
	name: default
	...]
2018-11-01 10:31:52.523  INFO 39938 --- [main] org.hibernate.Version                    : HHH000412: Hibernate Core {5.3.7.Final}
2018-11-01 10:31:52.525  INFO 39938 --- [main] org.hibernate.cfg.Environment            : HHH000206: hibernate.properties not found
2018-11-01 10:31:52.729  INFO 39938 --- [main] o.hibernate.annotations.common.Version   : HCANN000001: Hibernate Commons Annotations {5.0.4.Final}
2018-11-01 10:31:52.977  INFO 39938 --- [main] com.zaxxer.hikari.HikariDataSource       : HikariPool-1 - Starting...
2018-11-01 10:31:53.575  INFO 39938 --- [main] com.zaxxer.hikari.HikariDataSource       : HikariPool-1 - Start completed.
2018-11-01 10:31:53.595  INFO 39938 --- [main] org.hibernate.dialect.Dialect            : HHH000400: Using dialect: org.hibernate.dialect.MySQL5InnoDBDialect
2018-11-01 10:31:54.609  INFO 39938 --- [main] j.LocalContainerEntityManagerFactoryBean : Initialized JPA EntityManagerFactory for persistence unit 'default'
2018-11-01 10:31:56.031  INFO 39938 --- [main] o.s.s.concurrent.ThreadPoolTaskExecutor  : Initializing ExecutorService 'applicationTaskExecutor'
2018-11-01 10:31:56.121  WARN 39938 --- [main] aWebConfiguration$JpaWebMvcConfiguration : spring.jpa.open-in-view is enabled by default. Therefore, database queries may be performed during view rendering. Explicitly configure spring.jpa.open-in-view to disable this warning
2018-11-01 10:31:56.552  INFO 39938 --- [main] o.s.b.w.embedded.tomcat.TomcatWebServer  : Tomcat started on port(s): 8080 (http) with context path ''
2018-11-01 10:31:56.560  INFO 39938 --- [main] com.tianyalei.jipiao.JipiaoApplication   : Started JipiaoApplication in 9.82 seconds (JVM running for 11.245)
2018-11-01 10:32:08.878  INFO 39938 --- [http-nio-8080-exec-1] o.a.c.c.C.[Tomcat].[localhost].[/]       : Initializing Spring DispatcherServlet 'dispatcherServlet'
2018-11-01 10:32:08.878  INFO 39938 --- [http-nio-8080-exec-1] o.s.web.servlet.DispatcherServlet        : Initializing Servlet 'dispatcherServlet'
2018-11-01 10:32:08.897  INFO 39938 --- [http-nio-8080-exec-1] o.s.web.servlet.DispatcherServlet        : Completed initialization in 19 ms
2018-11-01 10:32:12.194 ERROR 39938 --- [http-nio-8080-exec-1] c.t.j.g.exception.NotFoundController     : ---------------404了，请求的url不存在---------------
2018-11-01 10:32:21.438  INFO 39938 --- [Thread-23] o.s.s.concurrent.ThreadPoolTaskExecutor  : Shutting down ExecutorService 'applicationTaskExecutor'
2018-11-01 10:32:21.442  INFO 39938 --- [Thread-23] j.LocalContainerEntityManagerFactoryBean : Closing JPA EntityManagerFactory for persistence unit 'default'
2018-11-01 10:32:21.446  INFO 39938 --- [Thread-23] com.zaxxer.hikari.HikariDataSource       : HikariPool-1 - Shutdown initiated...
2018-11-01 10:32:21.482  INFO 39938 --- [Thread-23] com.zaxxer.hikari.HikariDataSource       : HikariPool-1 - Shutdown completed.
2018-11-01 10:32:25.708  INFO 39950 --- [main] com.tianyalei.jipiao.JipiaoApplication   : Starting JipiaoApplication on weifengdeMacBook-Pro.local with PID 39950 (/Users/wuwf/project/jipiao/target/classes started by wuwf in /Users/wuwf/project/jipiao)
2018-11-01 10:32:25.713  INFO 39950 --- [main] com.tianyalei.jipiao.JipiaoApplication   : The following profiles are active: local
2018-11-01 10:32:26.942  INFO 39950 --- [main] .s.d.r.c.RepositoryConfigurationDelegate : Bootstrapping Spring Data repositories in DEFAULT mode.
2018-11-01 10:32:27.027  INFO 39950 --- [main] .s.d.r.c.RepositoryConfigurationDelegate : Finished Spring Data repository scanning in 77ms. Found 2 repository interfaces.
2018-11-01 10:32:27.466  INFO 39950 --- [main] trationDelegate$BeanPostProcessorChecker : Bean 'org.springframework.transaction.annotation.ProxyTransactionManagementConfiguration' of type [org.springframework.transaction.annotation.ProxyTransactionManagementConfiguration$$EnhancerBySpringCGLIB$$1fc2107e] is not eligible for getting processed by all BeanPostProcessors (for example: not eligible for auto-proxying)
2018-11-01 10:32:28.091  INFO 39950 --- [main] o.s.b.w.embedded.tomcat.TomcatWebServer  : Tomcat initialized with port(s): 8080 (http)
2018-11-01 10:32:28.108  INFO 39950 --- [main] o.apache.catalina.core.StandardService   : Starting service [Tomcat]
2018-11-01 10:32:28.108  INFO 39950 --- [main] org.apache.catalina.core.StandardEngine  : Starting Servlet Engine: Apache Tomcat/9.0.12
2018-11-01 10:32:28.115  INFO 39950 --- [main] o.a.catalina.core.AprLifecycleListener   : The APR based Apache Tomcat Native library which allows optimal performance in production environments was not found on the java.library.path: [/Users/wuwf/Library/Java/Extensions:/Library/Java/Extensions:/Network/Library/Java/Extensions:/System/Library/Java/Extensions:/usr/lib/java:.]
2018-11-01 10:32:28.205  INFO 39950 --- [main] o.a.c.c.C.[Tomcat].[localhost].[/]       : Initializing Spring embedded WebApplicationContext
2018-11-01 10:32:28.206  INFO 39950 --- [main] o.s.web.context.ContextLoader            : Root WebApplicationContext: initialization completed in 2379 ms
2018-11-01 10:32:28.266  INFO 39950 --- [main] o.s.b.w.servlet.FilterRegistrationBean   : Mapping filter: 'characterEncodingFilter' to: [/*]
2018-11-01 10:32:28.267  INFO 39950 --- [main] o.s.b.w.servlet.FilterRegistrationBean   : Mapping filter: 'hiddenHttpMethodFilter' to: [/*]
2018-11-01 10:32:28.267  INFO 39950 --- [main] o.s.b.w.servlet.FilterRegistrationBean   : Mapping filter: 'formContentFilter' to: [/*]
2018-11-01 10:32:28.267  INFO 39950 --- [main] o.s.b.w.servlet.FilterRegistrationBean   : Mapping filter: 'requestContextFilter' to: [/*]
2018-11-01 10:32:28.268  INFO 39950 --- [main] o.s.b.w.servlet.FilterRegistrationBean   : Mapping filter: 'UrlFilter' to urls: [/*]
2018-11-01 10:32:28.268  INFO 39950 --- [main] o.s.b.w.servlet.FilterRegistrationBean   : Mapping filter: 'corsFilter' to: [/*]
2018-11-01 10:32:28.268  INFO 39950 --- [main] o.s.b.w.servlet.ServletRegistrationBean  : Servlet dispatcherServlet mapped to [/]
2018-11-01 10:32:28.620  INFO 39950 --- [main] o.hibernate.jpa.internal.util.LogHelper  : HHH000204: Processing PersistenceUnitInfo [
	name: default
	...]
2018-11-01 10:32:28.673  INFO 39950 --- [main] org.hibernate.Version                    : HHH000412: Hibernate Core {5.3.7.Final}
2018-11-01 10:32:28.674  INFO 39950 --- [main] org.hibernate.cfg.Environment            : HHH000206: hibernate.properties not found
2018-11-01 10:32:28.780  INFO 39950 --- [main] o.hibernate.annotations.common.Version   : HCANN000001: Hibernate Commons Annotations {5.0.4.Final}
2018-11-01 10:32:28.917  INFO 39950 --- [main] com.zaxxer.hikari.HikariDataSource       : HikariPool-1 - Starting...
2018-11-01 10:32:29.232  INFO 39950 --- [main] com.zaxxer.hikari.HikariDataSource       : HikariPool-1 - Start completed.
2018-11-01 10:32:29.240  INFO 39950 --- [main] org.hibernate.dialect.Dialect            : HHH000400: Using dialect: org.hibernate.dialect.MySQL5InnoDBDialect
2018-11-01 10:32:29.914  INFO 39950 --- [main] j.LocalContainerEntityManagerFactoryBean : Initialized JPA EntityManagerFactory for persistence unit 'default'
2018-11-01 10:32:30.955  INFO 39950 --- [main] o.s.s.concurrent.ThreadPoolTaskExecutor  : Initializing ExecutorService 'applicationTaskExecutor'
2018-11-01 10:32:31.012  WARN 39950 --- [main] aWebConfiguration$JpaWebMvcConfiguration : spring.jpa.open-in-view is enabled by default. Therefore, database queries may be performed during view rendering. Explicitly configure spring.jpa.open-in-view to disable this warning
2018-11-01 10:32:31.361  INFO 39950 --- [main] o.s.b.w.embedded.tomcat.TomcatWebServer  : Tomcat started on port(s): 8080 (http) with context path ''
2018-11-01 10:32:31.366  INFO 39950 --- [main] com.tianyalei.jipiao.JipiaoApplication   : Started JipiaoApplication in 6.281 seconds (JVM running for 7.14)
2018-11-01 10:32:48.009  INFO 39950 --- [http-nio-8080-exec-1] o.a.c.c.C.[Tomcat].[localhost].[/]       : Initializing Spring DispatcherServlet 'dispatcherServlet'
2018-11-01 10:32:48.009  INFO 39950 --- [http-nio-8080-exec-1] o.s.web.servlet.DispatcherServlet        : Initializing Servlet 'dispatcherServlet'
2018-11-01 10:32:48.023  INFO 39950 --- [http-nio-8080-exec-1] o.s.web.servlet.DispatcherServlet        : Completed initialization in 14 ms
2018-11-01 10:32:48.088  INFO 39950 --- [http-nio-8080-exec-1] c.tianyalei.jipiao.global.aop.LogAspect  : -------------------用户发起请求-----------------
2018-11-01 10:32:48.088  INFO 39950 --- [http-nio-8080-exec-1] c.tianyalei.jipiao.global.aop.LogAspect  : token为：e7eafe8f945b4abeafa2c18f5183ee22
2018-11-01 10:32:48.090  INFO 39950 --- [http-nio-8080-exec-1] c.tianyalei.jipiao.global.aop.LogAspect  : userId为：null
2018-11-01 10:32:48.092  INFO 39950 --- [http-nio-8080-exec-1] c.tianyalei.jipiao.global.aop.LogAspect  : URL : http://localhost:8080/login
2018-11-01 10:32:48.092  INFO 39950 --- [http-nio-8080-exec-1] c.tianyalei.jipiao.global.aop.LogAspect  : HTTP_METHOD : POST
2018-11-01 10:32:48.092  INFO 39950 --- [http-nio-8080-exec-1] c.tianyalei.jipiao.global.aop.LogAspect  : HTTP_HEAD Type : application/x-www-form-urlencoded
2018-11-01 10:32:48.092  INFO 39950 --- [http-nio-8080-exec-1] c.tianyalei.jipiao.global.aop.LogAspect  : IP : 0:0:0:0:0:0:0:1
2018-11-01 10:32:48.094  INFO 39950 --- [http-nio-8080-exec-1] c.tianyalei.jipiao.global.aop.LogAspect  : CLASS_METHOD : com.tianyalei.jipiao.core.controller.SysUserController.login
2018-11-01 10:32:48.094  INFO 39950 --- [http-nio-8080-exec-1] c.tianyalei.jipiao.global.aop.LogAspect  : 传参为：
2018-11-01 10:32:48.094  INFO 39950 --- [http-nio-8080-exec-1] c.tianyalei.jipiao.global.aop.LogAspect  : account->admin
2018-11-01 10:32:48.094  INFO 39950 --- [http-nio-8080-exec-1] c.tianyalei.jipiao.global.aop.LogAspect  : password->1
2018-11-01 10:32:48.364  INFO 39950 --- [http-nio-8080-exec-1] o.h.h.i.QueryTranslatorFactoryInitiator  : HHH000397: Using ASTQueryTranslatorFactory
2018-11-01 10:32:48.567  INFO 39950 --- [http-nio-8080-exec-1] c.tianyalei.jipiao.global.aop.LogAspect  : 方法的返回值 : BaseData{code=20001, message='账户不存在', data=null}
2018-11-01 10:32:48.567  INFO 39950 --- [http-nio-8080-exec-1] c.tianyalei.jipiao.global.aop.LogAspect  : 共耗时：476毫秒
2018-11-01 10:32:48.567  INFO 39950 --- [http-nio-8080-exec-1] c.tianyalei.jipiao.global.aop.LogAspect  : ------------------请求结束------------------
2018-11-01 10:33:07.399  INFO 39970 --- [main] c.t.jipiao.JipiaoApplicationTests        : Starting JipiaoApplicationTests on weifengdeMacBook-Pro.local with PID 39970 (started by wuwf in /Users/wuwf/project/jipiao)
2018-11-01 10:33:07.401  INFO 39970 --- [main] c.t.jipiao.JipiaoApplicationTests        : The following profiles are active: local
2018-11-01 10:33:08.918  INFO 39970 --- [main] .s.d.r.c.RepositoryConfigurationDelegate : Bootstrapping Spring Data repositories in DEFAULT mode.
2018-11-01 10:33:09.076  INFO 39970 --- [main] .s.d.r.c.RepositoryConfigurationDelegate : Finished Spring Data repository scanning in 138ms. Found 1 repository interfaces.
2018-11-01 10:33:09.864  INFO 39970 --- [main] trationDelegate$BeanPostProcessorChecker : Bean 'org.springframework.transaction.annotation.ProxyTransactionManagementConfiguration' of type [org.springframework.transaction.annotation.ProxyTransactionManagementConfiguration$$EnhancerBySpringCGLIB$$82fbff92] is not eligible for getting processed by all BeanPostProcessors (for example: not eligible for auto-proxying)
2018-11-01 10:33:10.780  INFO 39970 --- [main] o.hibernate.jpa.internal.util.LogHelper  : HHH000204: Processing PersistenceUnitInfo [
	name: default
	...]
2018-11-01 10:33:10.906  INFO 39970 --- [main] org.hibernate.Version                    : HHH000412: Hibernate Core {5.3.7.Final}
2018-11-01 10:33:10.908  INFO 39970 --- [main] org.hibernate.cfg.Environment            : HHH000206: hibernate.properties not found
2018-11-01 10:33:11.181  INFO 39970 --- [main] o.hibernate.annotations.common.Version   : HCANN000001: Hibernate Commons Annotations {5.0.4.Final}
2018-11-01 10:33:11.447  INFO 39970 --- [main] com.zaxxer.hikari.HikariDataSource       : HikariPool-1 - Starting...
2018-11-01 10:33:12.080  INFO 39970 --- [main] com.zaxxer.hikari.HikariDataSource       : HikariPool-1 - Start completed.
2018-11-01 10:33:12.110  INFO 39970 --- [main] org.hibernate.dialect.Dialect            : HHH000400: Using dialect: org.hibernate.dialect.MySQL5InnoDBDialect
2018-11-01 10:33:13.249  INFO 39970 --- [main] j.LocalContainerEntityManagerFactoryBean : Initialized JPA EntityManagerFactory for persistence unit 'default'
2018-11-01 10:33:17.500  INFO 39970 --- [main] o.s.s.concurrent.ThreadPoolTaskExecutor  : Initializing ExecutorService 'applicationTaskExecutor'
2018-11-01 10:33:17.667  WARN 39970 --- [main] aWebConfiguration$JpaWebMvcConfiguration : spring.jpa.open-in-view is enabled by default. Therefore, database queries may be performed during view rendering. Explicitly configure spring.jpa.open-in-view to disable this warning
2018-11-01 10:33:18.659  INFO 39970 --- [main] c.t.jipiao.JipiaoApplicationTests        : Started JipiaoApplicationTests in 11.842 seconds (JVM running for 13.171)
2018-11-01 10:33:18.909  INFO 39970 --- [Thread-2] o.s.s.concurrent.ThreadPoolTaskExecutor  : Shutting down ExecutorService 'applicationTaskExecutor'
2018-11-01 10:33:18.913  INFO 39970 --- [Thread-2] j.LocalContainerEntityManagerFactoryBean : Closing JPA EntityManagerFactory for persistence unit 'default'
2018-11-01 10:33:18.916  INFO 39970 --- [Thread-2] com.zaxxer.hikari.HikariDataSource       : HikariPool-1 - Shutdown initiated...
2018-11-01 10:33:18.944  INFO 39970 --- [Thread-2] com.zaxxer.hikari.HikariDataSource       : HikariPool-1 - Shutdown completed.
2018-11-01 10:34:55.666  INFO 40040 --- [main] c.t.jipiao.JipiaoApplicationTests        : Starting JipiaoApplicationTests on weifengdeMacBook-Pro.local with PID 40040 (started by wuwf in /Users/wuwf/project/jipiao)
2018-11-01 10:34:55.668  INFO 40040 --- [main] c.t.jipiao.JipiaoApplicationTests        : The following profiles are active: local
2018-11-01 10:34:57.164  INFO 40040 --- [main] .s.d.r.c.RepositoryConfigurationDelegate : Bootstrapping Spring Data repositories in DEFAULT mode.
2018-11-01 10:34:57.306  INFO 40040 --- [main] .s.d.r.c.RepositoryConfigurationDelegate : Finished Spring Data repository scanning in 126ms. Found 1 repository interfaces.
2018-11-01 10:34:58.214  INFO 40040 --- [main] trationDelegate$BeanPostProcessorChecker : Bean 'org.springframework.transaction.annotation.ProxyTransactionManagementConfiguration' of type [org.springframework.transaction.annotation.ProxyTransactionManagementConfiguration$$EnhancerBySpringCGLIB$$c4fb55f4] is not eligible for getting processed by all BeanPostProcessors (for example: not eligible for auto-proxying)
2018-11-01 10:34:59.345  INFO 40040 --- [main] o.hibernate.jpa.internal.util.LogHelper  : HHH000204: Processing PersistenceUnitInfo [
	name: default
	...]
2018-11-01 10:34:59.500  INFO 40040 --- [main] org.hibernate.Version                    : HHH000412: Hibernate Core {5.3.7.Final}
2018-11-01 10:34:59.502  INFO 40040 --- [main] org.hibernate.cfg.Environment            : HHH000206: hibernate.properties not found
2018-11-01 10:34:59.818  INFO 40040 --- [main] o.hibernate.annotations.common.Version   : HCANN000001: Hibernate Commons Annotations {5.0.4.Final}
2018-11-01 10:35:00.073  INFO 40040 --- [main] com.zaxxer.hikari.HikariDataSource       : HikariPool-1 - Starting...
2018-11-01 10:35:01.055  INFO 40040 --- [main] com.zaxxer.hikari.HikariDataSource       : HikariPool-1 - Start completed.
2018-11-01 10:35:01.095  INFO 40040 --- [main] org.hibernate.dialect.Dialect            : HHH000400: Using dialect: org.hibernate.dialect.MySQL5InnoDBDialect
2018-11-01 10:35:02.516  INFO 40040 --- [main] j.LocalContainerEntityManagerFactoryBean : Initialized JPA EntityManagerFactory for persistence unit 'default'
2018-11-01 10:35:07.122  INFO 40040 --- [main] o.s.s.concurrent.ThreadPoolTaskExecutor  : Initializing ExecutorService 'applicationTaskExecutor'
2018-11-01 10:35:07.404  WARN 40040 --- [main] aWebConfiguration$JpaWebMvcConfiguration : spring.jpa.open-in-view is enabled by default. Therefore, database queries may be performed during view rendering. Explicitly configure spring.jpa.open-in-view to disable this warning
2018-11-01 10:35:08.722  INFO 40040 --- [main] c.t.jipiao.JipiaoApplicationTests        : Started JipiaoApplicationTests in 13.788 seconds (JVM running for 15.055)
2018-11-01 10:35:08.897  INFO 40040 --- [Thread-2] o.s.s.concurrent.ThreadPoolTaskExecutor  : Shutting down ExecutorService 'applicationTaskExecutor'
2018-11-01 10:35:08.899  INFO 40040 --- [Thread-2] j.LocalContainerEntityManagerFactoryBean : Closing JPA EntityManagerFactory for persistence unit 'default'
2018-11-01 10:35:08.902  INFO 40040 --- [Thread-2] com.zaxxer.hikari.HikariDataSource       : HikariPool-1 - Shutdown initiated...
2018-11-01 10:35:08.918  INFO 40040 --- [Thread-2] com.zaxxer.hikari.HikariDataSource       : HikariPool-1 - Shutdown completed.
2018-11-01 10:46:50.959  INFO 39950 --- [Thread-16] o.s.s.concurrent.ThreadPoolTaskExecutor  : Shutting down ExecutorService 'applicationTaskExecutor'
2018-11-01 10:46:50.970  INFO 39950 --- [Thread-16] j.LocalContainerEntityManagerFactoryBean : Closing JPA EntityManagerFactory for persistence unit 'default'
2018-11-01 10:46:50.984  INFO 39950 --- [Thread-16] com.zaxxer.hikari.HikariDataSource       : HikariPool-1 - Shutdown initiated...
2018-11-01 10:46:51.010  INFO 39950 --- [Thread-16] com.zaxxer.hikari.HikariDataSource       : HikariPool-1 - Shutdown completed.
2018-11-01 10:46:59.167  INFO 40282 --- [main] com.tianyalei.jipiao.JipiaoApplication   : Starting JipiaoApplication on weifengdeMacBook-Pro.local with PID 40282 (/Users/wuwf/project/jipiao/target/classes started by wuwf in /Users/wuwf/project/jipiao)
2018-11-01 10:46:59.172  INFO 40282 --- [main] com.tianyalei.jipiao.JipiaoApplication   : The following profiles are active: local
2018-11-01 10:47:00.850  INFO 40282 --- [main] .s.d.r.c.RepositoryConfigurationDelegate : Bootstrapping Spring Data repositories in DEFAULT mode.
2018-11-01 10:47:00.937  INFO 40282 --- [main] .s.d.r.c.RepositoryConfigurationDelegate : Finished Spring Data repository scanning in 80ms. Found 1 repository interfaces.
2018-11-01 10:47:01.739  INFO 40282 --- [main] trationDelegate$BeanPostProcessorChecker : Bean 'org.springframework.transaction.annotation.ProxyTransactionManagementConfiguration' of type [org.springframework.transaction.annotation.ProxyTransactionManagementConfiguration$$EnhancerBySpringCGLIB$$73edc5e8] is not eligible for getting processed by all BeanPostProcessors (for example: not eligible for auto-proxying)
2018-11-01 10:47:02.360  INFO 40282 --- [main] o.s.b.w.embedded.tomcat.TomcatWebServer  : Tomcat initialized with port(s): 8080 (http)
2018-11-01 10:47:02.376  INFO 40282 --- [main] o.apache.catalina.core.StandardService   : Starting service [Tomcat]
2018-11-01 10:47:02.376  INFO 40282 --- [main] org.apache.catalina.core.StandardEngine  : Starting Servlet Engine: Apache Tomcat/9.0.12
2018-11-01 10:47:02.383  INFO 40282 --- [main] o.a.catalina.core.AprLifecycleListener   : The APR based Apache Tomcat Native library which allows optimal performance in production environments was not found on the java.library.path: [/Users/wuwf/Library/Java/Extensions:/Library/Java/Extensions:/Network/Library/Java/Extensions:/System/Library/Java/Extensions:/usr/lib/java:.]
2018-11-01 10:47:02.517  INFO 40282 --- [main] o.a.c.c.C.[Tomcat].[localhost].[/]       : Initializing Spring embedded WebApplicationContext
2018-11-01 10:47:02.517  INFO 40282 --- [main] o.s.web.context.ContextLoader            : Root WebApplicationContext: initialization completed in 3179 ms
2018-11-01 10:47:02.582  INFO 40282 --- [main] o.s.b.w.servlet.FilterRegistrationBean   : Mapping filter: 'characterEncodingFilter' to: [/*]
2018-11-01 10:47:02.582  INFO 40282 --- [main] o.s.b.w.servlet.FilterRegistrationBean   : Mapping filter: 'hiddenHttpMethodFilter' to: [/*]
2018-11-01 10:47:02.582  INFO 40282 --- [main] o.s.b.w.servlet.FilterRegistrationBean   : Mapping filter: 'formContentFilter' to: [/*]
2018-11-01 10:47:02.583  INFO 40282 --- [main] o.s.b.w.servlet.FilterRegistrationBean   : Mapping filter: 'requestContextFilter' to: [/*]
2018-11-01 10:47:02.583  INFO 40282 --- [main] o.s.b.w.servlet.FilterRegistrationBean   : Mapping filter: 'UrlFilter' to urls: [/*]
2018-11-01 10:47:02.583  INFO 40282 --- [main] o.s.b.w.servlet.FilterRegistrationBean   : Mapping filter: 'corsFilter' to: [/*]
2018-11-01 10:47:02.584  INFO 40282 --- [main] o.s.b.w.servlet.ServletRegistrationBean  : Servlet dispatcherServlet mapped to [/]
2018-11-01 10:47:02.870  INFO 40282 --- [main] o.hibernate.jpa.internal.util.LogHelper  : HHH000204: Processing PersistenceUnitInfo [
	name: default
	...]
2018-11-01 10:47:02.926  INFO 40282 --- [main] org.hibernate.Version                    : HHH000412: Hibernate Core {5.3.7.Final}
2018-11-01 10:47:02.927  INFO 40282 --- [main] org.hibernate.cfg.Environment            : HHH000206: hibernate.properties not found
2018-11-01 10:47:03.034  INFO 40282 --- [main] o.hibernate.annotations.common.Version   : HCANN000001: Hibernate Commons Annotations {5.0.4.Final}
2018-11-01 10:47:03.145  INFO 40282 --- [main] com.zaxxer.hikari.HikariDataSource       : HikariPool-1 - Starting...
2018-11-01 10:47:03.453  INFO 40282 --- [main] com.zaxxer.hikari.HikariDataSource       : HikariPool-1 - Start completed.
2018-11-01 10:47:03.460  INFO 40282 --- [main] org.hibernate.dialect.Dialect            : HHH000400: Using dialect: org.hibernate.dialect.MySQL5InnoDBDialect
2018-11-01 10:47:04.227  INFO 40282 --- [main] j.LocalContainerEntityManagerFactoryBean : Initialized JPA EntityManagerFactory for persistence unit 'default'
2018-11-01 10:47:05.227  INFO 40282 --- [main] o.s.s.concurrent.ThreadPoolTaskExecutor  : Initializing ExecutorService 'applicationTaskExecutor'
2018-11-01 10:47:05.279  WARN 40282 --- [main] aWebConfiguration$JpaWebMvcConfiguration : spring.jpa.open-in-view is enabled by default. Therefore, database queries may be performed during view rendering. Explicitly configure spring.jpa.open-in-view to disable this warning
2018-11-01 10:47:05.610  INFO 40282 --- [main] o.s.b.w.embedded.tomcat.TomcatWebServer  : Tomcat started on port(s): 8080 (http) with context path ''
2018-11-01 10:47:05.615  INFO 40282 --- [main] com.tianyalei.jipiao.JipiaoApplication   : Started JipiaoApplication in 7.17 seconds (JVM running for 8.022)
2018-11-01 10:49:34.552  INFO 40282 --- [Thread-18] o.s.s.concurrent.ThreadPoolTaskExecutor  : Shutting down ExecutorService 'applicationTaskExecutor'
2018-11-01 10:49:34.556  INFO 40282 --- [Thread-18] j.LocalContainerEntityManagerFactoryBean : Closing JPA EntityManagerFactory for persistence unit 'default'
2018-11-01 10:49:34.564  INFO 40282 --- [Thread-18] com.zaxxer.hikari.HikariDataSource       : HikariPool-1 - Shutdown initiated...
2018-11-01 10:49:34.588  INFO 40282 --- [Thread-18] com.zaxxer.hikari.HikariDataSource       : HikariPool-1 - Shutdown completed.
2018-11-01 10:50:37.658  INFO 40364 --- [main] com.tianyalei.jipiao.JipiaoApplication   : Starting JipiaoApplication on weifengdeMacBook-Pro.local with PID 40364 (/Users/wuwf/project/jipiao/target/classes started by wuwf in /Users/wuwf/project/jipiao)
2018-11-01 10:50:37.668  INFO 40364 --- [main] com.tianyalei.jipiao.JipiaoApplication   : The following profiles are active: local
2018-11-01 10:50:37.771  INFO 40364 --- [main] ConfigServletWebServerApplicationContext : Refreshing org.springframework.boot.web.servlet.context.AnnotationConfigServletWebServerApplicationContext@5c6648b0: startup date [Thu Nov 01 10:50:37 CST 2018]; root of context hierarchy
2018-11-01 10:50:39.699  INFO 40364 --- [main] trationDelegate$BeanPostProcessorChecker : Bean 'org.springframework.transaction.annotation.ProxyTransactionManagementConfiguration' of type [org.springframework.transaction.annotation.ProxyTransactionManagementConfiguration$$EnhancerBySpringCGLIB$$bcc4d7a4] is not eligible for getting processed by all BeanPostProcessors (for example: not eligible for auto-proxying)
2018-11-01 10:50:40.451  INFO 40364 --- [main] o.s.b.w.embedded.tomcat.TomcatWebServer  : Tomcat initialized with port(s): 8080 (http)
2018-11-01 10:50:40.477  INFO 40364 --- [main] o.apache.catalina.core.StandardService   : Starting service [Tomcat]
2018-11-01 10:50:40.478  INFO 40364 --- [main] org.apache.catalina.core.StandardEngine  : Starting Servlet Engine: Apache Tomcat/8.5.34
2018-11-01 10:50:40.482  INFO 40364 --- [localhost-startStop-1] o.a.catalina.core.AprLifecycleListener   : The APR based Apache Tomcat Native library which allows optimal performance in production environments was not found on the java.library.path: [/Users/wuwf/Library/Java/Extensions:/Library/Java/Extensions:/Network/Library/Java/Extensions:/System/Library/Java/Extensions:/usr/lib/java:.]
2018-11-01 10:50:40.578  INFO 40364 --- [localhost-startStop-1] o.a.c.c.C.[Tomcat].[localhost].[/]       : Initializing Spring embedded WebApplicationContext
2018-11-01 10:50:40.579  INFO 40364 --- [localhost-startStop-1] o.s.web.context.ContextLoader            : Root WebApplicationContext: initialization completed in 2808 ms
2018-11-01 10:50:40.751  INFO 40364 --- [localhost-startStop-1] o.s.b.w.servlet.FilterRegistrationBean   : Mapping filter: 'characterEncodingFilter' to: [/*]
2018-11-01 10:50:40.752  INFO 40364 --- [localhost-startStop-1] o.s.b.w.servlet.FilterRegistrationBean   : Mapping filter: 'hiddenHttpMethodFilter' to: [/*]
2018-11-01 10:50:40.752  INFO 40364 --- [localhost-startStop-1] o.s.b.w.servlet.FilterRegistrationBean   : Mapping filter: 'httpPutFormContentFilter' to: [/*]
2018-11-01 10:50:40.752  INFO 40364 --- [localhost-startStop-1] o.s.b.w.servlet.FilterRegistrationBean   : Mapping filter: 'requestContextFilter' to: [/*]
2018-11-01 10:50:40.752  INFO 40364 --- [localhost-startStop-1] o.s.b.w.servlet.FilterRegistrationBean   : Mapping filter: 'UrlFilter' to urls: [/*]
2018-11-01 10:50:40.753  INFO 40364 --- [localhost-startStop-1] o.s.b.w.servlet.FilterRegistrationBean   : Mapping filter: 'corsFilter' to: [/*]
2018-11-01 10:50:40.753  INFO 40364 --- [localhost-startStop-1] o.s.b.w.servlet.ServletRegistrationBean  : Servlet dispatcherServlet mapped to [/]
2018-11-01 10:50:40.992  INFO 40364 --- [main] j.LocalContainerEntityManagerFactoryBean : Building JPA container EntityManagerFactory for persistence unit 'default'
2018-11-01 10:50:41.015  INFO 40364 --- [main] o.hibernate.jpa.internal.util.LogHelper  : HHH000204: Processing PersistenceUnitInfo [
	name: default
	...]
2018-11-01 10:50:41.255  INFO 40364 --- [main] org.hibernate.Version                    : HHH000412: Hibernate Core {5.2.17.Final}
2018-11-01 10:50:41.256  INFO 40364 --- [main] org.hibernate.cfg.Environment            : HHH000206: hibernate.properties not found
2018-11-01 10:50:41.320  INFO 40364 --- [main] o.hibernate.annotations.common.Version   : HCANN000001: Hibernate Commons Annotations {5.0.1.Final}
2018-11-01 10:50:41.449  INFO 40364 --- [main] com.zaxxer.hikari.HikariDataSource       : HikariPool-1 - Starting...
2018-11-01 10:50:41.936  INFO 40364 --- [main] com.zaxxer.hikari.HikariDataSource       : HikariPool-1 - Start completed.
2018-11-01 10:50:41.949  INFO 40364 --- [main] org.hibernate.dialect.Dialect            : HHH000400: Using dialect: org.hibernate.dialect.MySQL5InnoDBDialect
2018-11-01 10:50:42.622  INFO 40364 --- [main] j.LocalContainerEntityManagerFactoryBean : Initialized JPA EntityManagerFactory for persistence unit 'default'
2018-11-01 10:50:43.425  INFO 40364 --- [main] o.s.w.s.handler.SimpleUrlHandlerMapping  : Mapped URL path [/**/favicon.ico] onto handler of type [class org.springframework.web.servlet.resource.ResourceHttpRequestHandler]
2018-11-01 10:50:43.785  INFO 40364 --- [main] s.w.s.m.m.a.RequestMappingHandlerAdapter : Looking for @ControllerAdvice: org.springframework.boot.web.servlet.context.AnnotationConfigServletWebServerApplicationContext@5c6648b0: startup date [Thu Nov 01 10:50:37 CST 2018]; root of context hierarchy
2018-11-01 10:50:43.829  WARN 40364 --- [main] aWebConfiguration$JpaWebMvcConfiguration : spring.jpa.open-in-view is enabled by default. Therefore, database queries may be performed during view rendering. Explicitly configure spring.jpa.open-in-view to disable this warning
2018-11-01 10:50:43.868  INFO 40364 --- [main] s.w.s.m.m.a.RequestMappingHandlerMapping : Mapped "{[/login]}" onto public com.tianyalei.jipiao.global.bean.BaseData com.tianyalei.jipiao.core.controller.SysUserController.login(com.tianyalei.jipiao.core.model.SysUser)
2018-11-01 10:50:43.870  INFO 40364 --- [main] s.w.s.m.m.a.RequestMappingHandlerMapping : Mapped "{[/error]}" onto public java.lang.Object com.tianyalei.jipiao.global.exception.NotFoundController.error()
2018-11-01 10:50:43.923  INFO 40364 --- [main] o.s.w.s.handler.SimpleUrlHandlerMapping  : Mapped URL path [/webjars/**] onto handler of type [class org.springframework.web.servlet.resource.ResourceHttpRequestHandler]
2018-11-01 10:50:43.924  INFO 40364 --- [main] o.s.w.s.handler.SimpleUrlHandlerMapping  : Mapped URL path [/**] onto handler of type [class org.springframework.web.servlet.resource.ResourceHttpRequestHandler]
2018-11-01 10:50:43.947  INFO 40364 --- [main] .m.m.a.ExceptionHandlerExceptionResolver : Detected @ExceptionHandler methods in globalExceptionHandler
2018-11-01 10:50:44.452  INFO 40364 --- [main] o.s.j.e.a.AnnotationMBeanExporter        : Registering beans for JMX exposure on startup
2018-11-01 10:50:44.454  INFO 40364 --- [main] o.s.j.e.a.AnnotationMBeanExporter        : Bean with name 'dataSource' has been autodetected for JMX exposure
2018-11-01 10:50:44.459  INFO 40364 --- [main] o.s.j.e.a.AnnotationMBeanExporter        : Located MBean 'dataSource': registering with JMX server as MBean [com.zaxxer.hikari:name=dataSource,type=HikariDataSource]
2018-11-01 10:50:44.509  INFO 40364 --- [main] o.s.b.w.embedded.tomcat.TomcatWebServer  : Tomcat started on port(s): 8080 (http) with context path ''
2018-11-01 10:50:44.513  INFO 40364 --- [main] com.tianyalei.jipiao.JipiaoApplication   : Started JipiaoApplication in 7.626 seconds (JVM running for 8.514)
2018-11-01 10:52:07.652  INFO 40364 --- [Thread-18] ConfigServletWebServerApplicationContext : Closing org.springframework.boot.web.servlet.context.AnnotationConfigServletWebServerApplicationContext@5c6648b0: startup date [Thu Nov 01 10:50:37 CST 2018]; root of context hierarchy
2018-11-01 10:52:07.660  INFO 40364 --- [Thread-18] o.s.j.e.a.AnnotationMBeanExporter        : Unregistering JMX-exposed beans on shutdown
2018-11-01 10:52:07.665  INFO 40364 --- [Thread-18] o.s.j.e.a.AnnotationMBeanExporter        : Unregistering JMX-exposed beans
2018-11-01 10:52:07.671  INFO 40364 --- [Thread-18] j.LocalContainerEntityManagerFactoryBean : Closing JPA EntityManagerFactory for persistence unit 'default'
2018-11-01 10:52:07.673  INFO 40364 --- [Thread-18] com.zaxxer.hikari.HikariDataSource       : HikariPool-1 - Shutdown initiated...
2018-11-01 10:52:07.687  INFO 40364 --- [Thread-18] com.zaxxer.hikari.HikariDataSource       : HikariPool-1 - Shutdown completed.
2018-11-01 10:52:12.374  INFO 40390 --- [main] com.tianyalei.jipiao.JipiaoApplication   : Starting JipiaoApplication on weifengdeMacBook-Pro.local with PID 40390 (/Users/wuwf/project/jipiao/target/classes started by wuwf in /Users/wuwf/project/jipiao)
2018-11-01 10:52:12.378  INFO 40390 --- [main] com.tianyalei.jipiao.JipiaoApplication   : The following profiles are active: local
2018-11-01 10:52:12.458  INFO 40390 --- [main] ConfigServletWebServerApplicationContext : Refreshing org.springframework.boot.web.servlet.context.AnnotationConfigServletWebServerApplicationContext@515aebb0: startup date [Thu Nov 01 10:52:12 CST 2018]; root of context hierarchy
2018-11-01 10:52:14.182  INFO 40390 --- [main] trationDelegate$BeanPostProcessorChecker : Bean 'org.springframework.transaction.annotation.ProxyTransactionManagementConfiguration' of type [org.springframework.transaction.annotation.ProxyTransactionManagementConfiguration$$EnhancerBySpringCGLIB$$b8a54e1c] is not eligible for getting processed by all BeanPostProcessors (for example: not eligible for auto-proxying)
2018-11-01 10:52:14.887  INFO 40390 --- [main] o.s.b.w.embedded.tomcat.TomcatWebServer  : Tomcat initialized with port(s): 8080 (http)
2018-11-01 10:52:14.912  INFO 40390 --- [main] o.apache.catalina.core.StandardService   : Starting service [Tomcat]
2018-11-01 10:52:14.913  INFO 40390 --- [main] org.apache.catalina.core.StandardEngine  : Starting Servlet Engine: Apache Tomcat/8.5.34
2018-11-01 10:52:14.917  INFO 40390 --- [localhost-startStop-1] o.a.catalina.core.AprLifecycleListener   : The APR based Apache Tomcat Native library which allows optimal performance in production environments was not found on the java.library.path: [/Users/wuwf/Library/Java/Extensions:/Library/Java/Extensions:/Network/Library/Java/Extensions:/System/Library/Java/Extensions:/usr/lib/java:.]
2018-11-01 10:52:15.005  INFO 40390 --- [localhost-startStop-1] o.a.c.c.C.[Tomcat].[localhost].[/]       : Initializing Spring embedded WebApplicationContext
2018-11-01 10:52:15.005  INFO 40390 --- [localhost-startStop-1] o.s.web.context.ContextLoader            : Root WebApplicationContext: initialization completed in 2547 ms
2018-11-01 10:52:15.159  INFO 40390 --- [localhost-startStop-1] o.s.b.w.servlet.FilterRegistrationBean   : Mapping filter: 'characterEncodingFilter' to: [/*]
2018-11-01 10:52:15.159  INFO 40390 --- [localhost-startStop-1] o.s.b.w.servlet.FilterRegistrationBean   : Mapping filter: 'hiddenHttpMethodFilter' to: [/*]
2018-11-01 10:52:15.160  INFO 40390 --- [localhost-startStop-1] o.s.b.w.servlet.FilterRegistrationBean   : Mapping filter: 'httpPutFormContentFilter' to: [/*]
2018-11-01 10:52:15.160  INFO 40390 --- [localhost-startStop-1] o.s.b.w.servlet.FilterRegistrationBean   : Mapping filter: 'requestContextFilter' to: [/*]
2018-11-01 10:52:15.160  INFO 40390 --- [localhost-startStop-1] o.s.b.w.servlet.FilterRegistrationBean   : Mapping filter: 'UrlFilter' to urls: [/*]
2018-11-01 10:52:15.160  INFO 40390 --- [localhost-startStop-1] o.s.b.w.servlet.FilterRegistrationBean   : Mapping filter: 'corsFilter' to: [/*]
2018-11-01 10:52:15.160  INFO 40390 --- [localhost-startStop-1] o.s.b.w.servlet.ServletRegistrationBean  : Servlet dispatcherServlet mapped to [/]
2018-11-01 10:52:15.390  INFO 40390 --- [main] j.LocalContainerEntityManagerFactoryBean : Building JPA container EntityManagerFactory for persistence unit 'default'
2018-11-01 10:52:15.406  INFO 40390 --- [main] o.hibernate.jpa.internal.util.LogHelper  : HHH000204: Processing PersistenceUnitInfo [
	name: default
	...]
2018-11-01 10:52:15.568  INFO 40390 --- [main] org.hibernate.Version                    : HHH000412: Hibernate Core {5.2.17.Final}
2018-11-01 10:52:15.570  INFO 40390 --- [main] org.hibernate.cfg.Environment            : HHH000206: hibernate.properties not found
2018-11-01 10:52:15.606  INFO 40390 --- [main] o.hibernate.annotations.common.Version   : HCANN000001: Hibernate Commons Annotations {5.0.1.Final}
2018-11-01 10:52:15.718  INFO 40390 --- [main] com.zaxxer.hikari.HikariDataSource       : HikariPool-1 - Starting...
2018-11-01 10:52:16.111  INFO 40390 --- [main] com.zaxxer.hikari.HikariDataSource       : HikariPool-1 - Start completed.
2018-11-01 10:52:16.120  INFO 40390 --- [main] org.hibernate.dialect.Dialect            : HHH000400: Using dialect: org.hibernate.dialect.MySQL5InnoDBDialect
2018-11-01 10:52:16.804  INFO 40390 --- [main] j.LocalContainerEntityManagerFactoryBean : Initialized JPA EntityManagerFactory for persistence unit 'default'
2018-11-01 10:52:17.540  INFO 40390 --- [main] o.s.w.s.handler.SimpleUrlHandlerMapping  : Mapped URL path [/**/favicon.ico] onto handler of type [class org.springframework.web.servlet.resource.ResourceHttpRequestHandler]
2018-11-01 10:52:17.914  INFO 40390 --- [main] s.w.s.m.m.a.RequestMappingHandlerAdapter : Looking for @ControllerAdvice: org.springframework.boot.web.servlet.context.AnnotationConfigServletWebServerApplicationContext@515aebb0: startup date [Thu Nov 01 10:52:12 CST 2018]; root of context hierarchy
2018-11-01 10:52:17.961  WARN 40390 --- [main] aWebConfiguration$JpaWebMvcConfiguration : spring.jpa.open-in-view is enabled by default. Therefore, database queries may be performed during view rendering. Explicitly configure spring.jpa.open-in-view to disable this warning
2018-11-01 10:52:17.994  INFO 40390 --- [main] s.w.s.m.m.a.RequestMappingHandlerMapping : Mapped "{[/login]}" onto public com.tianyalei.jipiao.global.bean.BaseData com.tianyalei.jipiao.core.controller.SysUserController.login(com.tianyalei.jipiao.core.model.SysUser)
2018-11-01 10:52:17.996  INFO 40390 --- [main] s.w.s.m.m.a.RequestMappingHandlerMapping : Mapped "{[/error]}" onto public java.lang.Object com.tianyalei.jipiao.global.exception.NotFoundController.error()
2018-11-01 10:52:18.057  INFO 40390 --- [main] o.s.w.s.handler.SimpleUrlHandlerMapping  : Mapped URL path [/webjars/**] onto handler of type [class org.springframework.web.servlet.resource.ResourceHttpRequestHandler]
2018-11-01 10:52:18.058  INFO 40390 --- [main] o.s.w.s.handler.SimpleUrlHandlerMapping  : Mapped URL path [/**] onto handler of type [class org.springframework.web.servlet.resource.ResourceHttpRequestHandler]
2018-11-01 10:52:18.074  INFO 40390 --- [main] .m.m.a.ExceptionHandlerExceptionResolver : Detected @ExceptionHandler methods in globalExceptionHandler
2018-11-01 10:52:18.583  INFO 40390 --- [main] o.s.j.e.a.AnnotationMBeanExporter        : Registering beans for JMX exposure on startup
2018-11-01 10:52:18.586  INFO 40390 --- [main] o.s.j.e.a.AnnotationMBeanExporter        : Bean with name 'dataSource' has been autodetected for JMX exposure
2018-11-01 10:52:18.592  INFO 40390 --- [main] o.s.j.e.a.AnnotationMBeanExporter        : Located MBean 'dataSource': registering with JMX server as MBean [com.zaxxer.hikari:name=dataSource,type=HikariDataSource]
2018-11-01 10:52:18.645  INFO 40390 --- [main] o.s.b.w.embedded.tomcat.TomcatWebServer  : Tomcat started on port(s): 8080 (http) with context path ''
2018-11-01 10:52:18.649  INFO 40390 --- [main] com.tianyalei.jipiao.JipiaoApplication   : Started JipiaoApplication in 6.864 seconds (JVM running for 7.617)
2018-11-01 10:52:50.041  INFO 40390 --- [Thread-17] ConfigServletWebServerApplicationContext : Closing org.springframework.boot.web.servlet.context.AnnotationConfigServletWebServerApplicationContext@515aebb0: startup date [Thu Nov 01 10:52:12 CST 2018]; root of context hierarchy
2018-11-01 10:52:50.046  INFO 40390 --- [Thread-17] o.s.j.e.a.AnnotationMBeanExporter        : Unregistering JMX-exposed beans on shutdown
2018-11-01 10:52:50.047  INFO 40390 --- [Thread-17] o.s.j.e.a.AnnotationMBeanExporter        : Unregistering JMX-exposed beans
2018-11-01 10:52:50.051  INFO 40390 --- [Thread-17] j.LocalContainerEntityManagerFactoryBean : Closing JPA EntityManagerFactory for persistence unit 'default'
2018-11-01 10:52:50.056  INFO 40390 --- [Thread-17] com.zaxxer.hikari.HikariDataSource       : HikariPool-1 - Shutdown initiated...
2018-11-01 10:52:50.076  INFO 40390 --- [Thread-17] com.zaxxer.hikari.HikariDataSource       : HikariPool-1 - Shutdown completed.
2018-11-01 10:52:55.360  INFO 40411 --- [main] com.tianyalei.jipiao.JipiaoApplication   : Starting JipiaoApplication on weifengdeMacBook-Pro.local with PID 40411 (/Users/wuwf/project/jipiao/target/classes started by wuwf in /Users/wuwf/project/jipiao)
2018-11-01 10:52:55.363  INFO 40411 --- [main] com.tianyalei.jipiao.JipiaoApplication   : The following profiles are active: local
2018-11-01 10:52:55.545  INFO 40411 --- [main] ConfigServletWebServerApplicationContext : Refreshing org.springframework.boot.web.servlet.context.AnnotationConfigServletWebServerApplicationContext@515aebb0: startup date [Thu Nov 01 10:52:55 CST 2018]; root of context hierarchy
2018-11-01 10:52:57.509  INFO 40411 --- [main] trationDelegate$BeanPostProcessorChecker : Bean 'org.springframework.transaction.annotation.ProxyTransactionManagementConfiguration' of type [org.springframework.transaction.annotation.ProxyTransactionManagementConfiguration$$EnhancerBySpringCGLIB$$4be1285d] is not eligible for getting processed by all BeanPostProcessors (for example: not eligible for auto-proxying)
2018-11-01 10:52:58.387  INFO 40411 --- [main] o.s.b.w.embedded.tomcat.TomcatWebServer  : Tomcat initialized with port(s): 8080 (http)
2018-11-01 10:52:58.414  INFO 40411 --- [main] o.apache.catalina.core.StandardService   : Starting service [Tomcat]
2018-11-01 10:52:58.414  INFO 40411 --- [main] org.apache.catalina.core.StandardEngine  : Starting Servlet Engine: Apache Tomcat/8.5.34
2018-11-01 10:52:58.418  INFO 40411 --- [localhost-startStop-1] o.a.catalina.core.AprLifecycleListener   : The APR based Apache Tomcat Native library which allows optimal performance in production environments was not found on the java.library.path: [/Users/wuwf/Library/Java/Extensions:/Library/Java/Extensions:/Network/Library/Java/Extensions:/System/Library/Java/Extensions:/usr/lib/java:.]
2018-11-01 10:52:58.515  INFO 40411 --- [localhost-startStop-1] o.a.c.c.C.[Tomcat].[localhost].[/]       : Initializing Spring embedded WebApplicationContext
2018-11-01 10:52:58.515  INFO 40411 --- [localhost-startStop-1] o.s.web.context.ContextLoader            : Root WebApplicationContext: initialization completed in 2970 ms
2018-11-01 10:52:58.700  INFO 40411 --- [localhost-startStop-1] o.s.b.w.servlet.FilterRegistrationBean   : Mapping filter: 'characterEncodingFilter' to: [/*]
2018-11-01 10:52:58.700  INFO 40411 --- [localhost-startStop-1] o.s.b.w.servlet.FilterRegistrationBean   : Mapping filter: 'hiddenHttpMethodFilter' to: [/*]
2018-11-01 10:52:58.700  INFO 40411 --- [localhost-startStop-1] o.s.b.w.servlet.FilterRegistrationBean   : Mapping filter: 'httpPutFormContentFilter' to: [/*]
2018-11-01 10:52:58.701  INFO 40411 --- [localhost-startStop-1] o.s.b.w.servlet.FilterRegistrationBean   : Mapping filter: 'requestContextFilter' to: [/*]
2018-11-01 10:52:58.701  INFO 40411 --- [localhost-startStop-1] o.s.b.w.servlet.FilterRegistrationBean   : Mapping filter: 'UrlFilter' to urls: [/*]
2018-11-01 10:52:58.701  INFO 40411 --- [localhost-startStop-1] o.s.b.w.servlet.FilterRegistrationBean   : Mapping filter: 'corsFilter' to: [/*]
2018-11-01 10:52:58.701  INFO 40411 --- [localhost-startStop-1] o.s.b.w.servlet.ServletRegistrationBean  : Servlet dispatcherServlet mapped to [/]
2018-11-01 10:52:58.948  INFO 40411 --- [main] j.LocalContainerEntityManagerFactoryBean : Building JPA container EntityManagerFactory for persistence unit 'default'
2018-11-01 10:52:58.963  INFO 40411 --- [main] o.hibernate.jpa.internal.util.LogHelper  : HHH000204: Processing PersistenceUnitInfo [
	name: default
	...]
2018-11-01 10:52:59.138  INFO 40411 --- [main] org.hibernate.Version                    : HHH000412: Hibernate Core {5.2.17.Final}
2018-11-01 10:52:59.140  INFO 40411 --- [main] org.hibernate.cfg.Environment            : HHH000206: hibernate.properties not found
2018-11-01 10:52:59.185  INFO 40411 --- [main] o.hibernate.annotations.common.Version   : HCANN000001: Hibernate Commons Annotations {5.0.1.Final}
2018-11-01 10:52:59.287  INFO 40411 --- [main] com.zaxxer.hikari.HikariDataSource       : HikariPool-1 - Starting...
2018-11-01 10:52:59.710  INFO 40411 --- [main] com.zaxxer.hikari.HikariDataSource       : HikariPool-1 - Start completed.
2018-11-01 10:52:59.720  INFO 40411 --- [main] org.hibernate.dialect.Dialect            : HHH000400: Using dialect: org.hibernate.dialect.MySQL5InnoDBDialect
2018-11-01 10:53:00.279  INFO 40411 --- [main] j.LocalContainerEntityManagerFactoryBean : Initialized JPA EntityManagerFactory for persistence unit 'default'
2018-11-01 10:53:00.989  INFO 40411 --- [main] o.s.w.s.handler.SimpleUrlHandlerMapping  : Mapped URL path [/**/favicon.ico] onto handler of type [class org.springframework.web.servlet.resource.ResourceHttpRequestHandler]
2018-11-01 10:53:01.345  INFO 40411 --- [main] s.w.s.m.m.a.RequestMappingHandlerAdapter : Looking for @ControllerAdvice: org.springframework.boot.web.servlet.context.AnnotationConfigServletWebServerApplicationContext@515aebb0: startup date [Thu Nov 01 10:52:55 CST 2018]; root of context hierarchy
2018-11-01 10:53:01.385  WARN 40411 --- [main] aWebConfiguration$JpaWebMvcConfiguration : spring.jpa.open-in-view is enabled by default. Therefore, database queries may be performed during view rendering. Explicitly configure spring.jpa.open-in-view to disable this warning
2018-11-01 10:53:01.415  INFO 40411 --- [main] s.w.s.m.m.a.RequestMappingHandlerMapping : Mapped "{[/login]}" onto public com.tianyalei.jipiao.global.bean.BaseData com.tianyalei.jipiao.core.controller.SysUserController.login(com.tianyalei.jipiao.core.model.SysUser)
2018-11-01 10:53:01.416  INFO 40411 --- [main] s.w.s.m.m.a.RequestMappingHandlerMapping : Mapped "{[/error]}" onto public java.lang.Object com.tianyalei.jipiao.global.exception.NotFoundController.error()
2018-11-01 10:53:01.464  INFO 40411 --- [main] o.s.w.s.handler.SimpleUrlHandlerMapping  : Mapped URL path [/webjars/**] onto handler of type [class org.springframework.web.servlet.resource.ResourceHttpRequestHandler]
2018-11-01 10:53:01.464  INFO 40411 --- [main] o.s.w.s.handler.SimpleUrlHandlerMapping  : Mapped URL path [/**] onto handler of type [class org.springframework.web.servlet.resource.ResourceHttpRequestHandler]
2018-11-01 10:53:01.484  INFO 40411 --- [main] .m.m.a.ExceptionHandlerExceptionResolver : Detected @ExceptionHandler methods in globalExceptionHandler
2018-11-01 10:53:01.970  INFO 40411 --- [main] o.s.j.e.a.AnnotationMBeanExporter        : Registering beans for JMX exposure on startup
2018-11-01 10:53:01.971  INFO 40411 --- [main] o.s.j.e.a.AnnotationMBeanExporter        : Bean with name 'dataSource' has been autodetected for JMX exposure
2018-11-01 10:53:01.978  INFO 40411 --- [main] o.s.j.e.a.AnnotationMBeanExporter        : Located MBean 'dataSource': registering with JMX server as MBean [com.zaxxer.hikari:name=dataSource,type=HikariDataSource]
2018-11-01 10:53:02.026  INFO 40411 --- [main] o.s.b.w.embedded.tomcat.TomcatWebServer  : Tomcat started on port(s): 8080 (http) with context path ''
2018-11-01 10:53:02.030  INFO 40411 --- [main] com.tianyalei.jipiao.JipiaoApplication   : Started JipiaoApplication in 7.363 seconds (JVM running for 8.215)
2018-11-01 10:53:21.307  INFO 40425 --- [main] c.t.jipiao.JipiaoApplicationTests        : Starting JipiaoApplicationTests on weifengdeMacBook-Pro.local with PID 40425 (started by wuwf in /Users/wuwf/project/jipiao)
2018-11-01 10:53:21.310  INFO 40425 --- [main] c.t.jipiao.JipiaoApplicationTests        : The following profiles are active: local
2018-11-01 10:53:21.415  INFO 40425 --- [main] o.s.w.c.s.GenericWebApplicationContext   : Refreshing org.springframework.web.context.support.GenericWebApplicationContext@4bbf6d0e: startup date [Thu Nov 01 10:53:21 CST 2018]; root of context hierarchy
2018-11-01 10:53:23.519  INFO 40425 --- [main] trationDelegate$BeanPostProcessorChecker : Bean 'org.springframework.transaction.annotation.ProxyTransactionManagementConfiguration' of type [org.springframework.transaction.annotation.ProxyTransactionManagementConfiguration$$EnhancerBySpringCGLIB$$1be4cc54] is not eligible for getting processed by all BeanPostProcessors (for example: not eligible for auto-proxying)
2018-11-01 10:53:24.421  INFO 40425 --- [main] j.LocalContainerEntityManagerFactoryBean : Building JPA container EntityManagerFactory for persistence unit 'default'
2018-11-01 10:53:24.469  INFO 40425 --- [main] o.hibernate.jpa.internal.util.LogHelper  : HHH000204: Processing PersistenceUnitInfo [
	name: default
	...]
2018-11-01 10:53:24.624  INFO 40425 --- [main] org.hibernate.Version                    : HHH000412: Hibernate Core {5.2.17.Final}
2018-11-01 10:53:24.627  INFO 40425 --- [main] org.hibernate.cfg.Environment            : HHH000206: hibernate.properties not found
2018-11-01 10:53:24.702  INFO 40425 --- [main] o.hibernate.annotations.common.Version   : HCANN000001: Hibernate Commons Annotations {5.0.1.Final}
2018-11-01 10:53:24.902  INFO 40425 --- [main] com.zaxxer.hikari.HikariDataSource       : HikariPool-1 - Starting...
2018-11-01 10:53:25.542  INFO 40425 --- [main] com.zaxxer.hikari.HikariDataSource       : HikariPool-1 - Start completed.
2018-11-01 10:53:25.564  INFO 40425 --- [main] org.hibernate.dialect.Dialect            : HHH000400: Using dialect: org.hibernate.dialect.MySQL5InnoDBDialect
2018-11-01 10:53:26.523  INFO 40425 --- [main] j.LocalContainerEntityManagerFactoryBean : Initialized JPA EntityManagerFactory for persistence unit 'default'
2018-11-01 10:53:28.951  INFO 40425 --- [main] o.s.w.s.handler.SimpleUrlHandlerMapping  : Mapped URL path [/**/favicon.ico] onto handler of type [class org.springframework.web.servlet.resource.ResourceHttpRequestHandler]
2018-11-01 10:53:30.746  INFO 40425 --- [main] s.w.s.m.m.a.RequestMappingHandlerAdapter : Looking for @ControllerAdvice: org.springframework.web.context.support.GenericWebApplicationContext@4bbf6d0e: startup date [Thu Nov 01 10:53:21 CST 2018]; root of context hierarchy
2018-11-01 10:53:30.902  WARN 40425 --- [main] aWebConfiguration$JpaWebMvcConfiguration : spring.jpa.open-in-view is enabled by default. Therefore, database queries may be performed during view rendering. Explicitly configure spring.jpa.open-in-view to disable this warning
2018-11-01 10:53:30.973  INFO 40425 --- [main] s.w.s.m.m.a.RequestMappingHandlerMapping : Mapped "{[/login]}" onto public com.tianyalei.jipiao.global.bean.BaseData com.tianyalei.jipiao.core.controller.SysUserController.login(com.tianyalei.jipiao.core.model.SysUser)
2018-11-01 10:53:30.975  INFO 40425 --- [main] s.w.s.m.m.a.RequestMappingHandlerMapping : Mapped "{[/error]}" onto public java.lang.Object com.tianyalei.jipiao.global.exception.NotFoundController.error()
2018-11-01 10:53:31.222  INFO 40425 --- [main] o.s.w.s.handler.SimpleUrlHandlerMapping  : Mapped URL path [/webjars/**] onto handler of type [class org.springframework.web.servlet.resource.ResourceHttpRequestHandler]
2018-11-01 10:53:31.223  INFO 40425 --- [main] o.s.w.s.handler.SimpleUrlHandlerMapping  : Mapped URL path [/**] onto handler of type [class org.springframework.web.servlet.resource.ResourceHttpRequestHandler]
2018-11-01 10:53:31.497  INFO 40425 --- [main] .m.m.a.ExceptionHandlerExceptionResolver : Detected @ExceptionHandler methods in globalExceptionHandler
2018-11-01 10:53:33.475  INFO 40425 --- [main] c.t.jipiao.JipiaoApplicationTests        : Started JipiaoApplicationTests in 13.057 seconds (JVM running for 14.543)
2018-11-01 10:53:34.111  INFO 40425 --- [Thread-2] o.s.w.c.s.GenericWebApplicationContext   : Closing org.springframework.web.context.support.GenericWebApplicationContext@4bbf6d0e: startup date [Thu Nov 01 10:53:21 CST 2018]; root of context hierarchy
2018-11-01 10:53:34.116  INFO 40425 --- [Thread-2] j.LocalContainerEntityManagerFactoryBean : Closing JPA EntityManagerFactory for persistence unit 'default'
2018-11-01 10:53:34.119  INFO 40425 --- [Thread-2] com.zaxxer.hikari.HikariDataSource       : HikariPool-1 - Shutdown initiated...
2018-11-01 10:53:34.143  INFO 40425 --- [Thread-2] com.zaxxer.hikari.HikariDataSource       : HikariPool-1 - Shutdown completed.
2018-11-01 10:53:54.609  INFO 40477 --- [main] c.t.jipiao.JipiaoApplicationTests        : Starting JipiaoApplicationTests on weifengdeMacBook-Pro.local with PID 40477 (started by wuwf in /Users/wuwf/project/jipiao)
2018-11-01 10:53:54.610  INFO 40477 --- [main] c.t.jipiao.JipiaoApplicationTests        : The following profiles are active: local
2018-11-01 10:53:55.989  INFO 40477 --- [main] .s.d.r.c.RepositoryConfigurationDelegate : Bootstrapping Spring Data repositories in DEFAULT mode.
2018-11-01 10:53:56.127  INFO 40477 --- [main] .s.d.r.c.RepositoryConfigurationDelegate : Finished Spring Data repository scanning in 110ms. Found 1 repository interfaces.
2018-11-01 10:53:56.901  INFO 40477 --- [main] trationDelegate$BeanPostProcessorChecker : Bean 'org.springframework.transaction.annotation.ProxyTransactionManagementConfiguration' of type [org.springframework.transaction.annotation.ProxyTransactionManagementConfiguration$$EnhancerBySpringCGLIB$$c4fb55f4] is not eligible for getting processed by all BeanPostProcessors (for example: not eligible for auto-proxying)
2018-11-01 10:53:57.900  INFO 40477 --- [main] o.hibernate.jpa.internal.util.LogHelper  : HHH000204: Processing PersistenceUnitInfo [
	name: default
	...]
2018-11-01 10:53:58.023  INFO 40477 --- [main] org.hibernate.Version                    : HHH000412: Hibernate Core {5.3.7.Final}
2018-11-01 10:53:58.025  INFO 40477 --- [main] org.hibernate.cfg.Environment            : HHH000206: hibernate.properties not found
2018-11-01 10:53:58.324  INFO 40477 --- [main] o.hibernate.annotations.common.Version   : HCANN000001: Hibernate Commons Annotations {5.0.4.Final}
2018-11-01 10:53:58.574  INFO 40477 --- [main] com.zaxxer.hikari.HikariDataSource       : HikariPool-1 - Starting...
2018-11-01 10:53:59.216  INFO 40477 --- [main] com.zaxxer.hikari.HikariDataSource       : HikariPool-1 - Start completed.
2018-11-01 10:53:59.316  INFO 40477 --- [main] org.hibernate.dialect.Dialect            : HHH000400: Using dialect: org.hibernate.dialect.MySQL5InnoDBDialect
2018-11-01 10:54:00.562  INFO 40477 --- [main] j.LocalContainerEntityManagerFactoryBean : Initialized JPA EntityManagerFactory for persistence unit 'default'
2018-11-01 10:54:04.028  INFO 40477 --- [main] o.s.s.concurrent.ThreadPoolTaskExecutor  : Initializing ExecutorService 'applicationTaskExecutor'
2018-11-01 10:54:04.179  WARN 40477 --- [main] aWebConfiguration$JpaWebMvcConfiguration : spring.jpa.open-in-view is enabled by default. Therefore, database queries may be performed during view rendering. Explicitly configure spring.jpa.open-in-view to disable this warning
2018-11-01 10:54:05.045  INFO 40477 --- [main] c.t.jipiao.JipiaoApplicationTests        : Started JipiaoApplicationTests in 10.995 seconds (JVM running for 12.055)
2018-11-01 10:54:05.211  INFO 40477 --- [Thread-2] o.s.s.concurrent.ThreadPoolTaskExecutor  : Shutting down ExecutorService 'applicationTaskExecutor'
2018-11-01 10:54:05.214  INFO 40477 --- [Thread-2] j.LocalContainerEntityManagerFactoryBean : Closing JPA EntityManagerFactory for persistence unit 'default'
2018-11-01 10:54:05.217  INFO 40477 --- [Thread-2] com.zaxxer.hikari.HikariDataSource       : HikariPool-1 - Shutdown initiated...
2018-11-01 10:54:05.232  INFO 40477 --- [Thread-2] com.zaxxer.hikari.HikariDataSource       : HikariPool-1 - Shutdown completed.
